{"level":"error","message":"GET en / - 13:21:36"}
{"level":"error","message":"GET en /login - 13:21:37"}
{"level":"error","message":"GET en /favicon.ico - 13:21:37"}
{"level":"error","message":"GET en /login - 13:22:00"}
{"level":"error","message":"GET en /login - 13:22:08"}
{"level":"error","message":"GET en /login - 13:22:14"}
{"level":"error","message":"GET en /login - 13:22:14"}
{"level":"error","message":"GET en /login - 13:22:15"}
{"level":"error","message":"GET en /login - 13:22:16"}
{"level":"error","message":"GET en /login - 13:22:16"}
{"level":"error","message":"GET en /pruebaLogger - 13:24:20"}
{"level":"error","message":"GET en /pruebaLogger - 13:26:20"}
{"level":"error","message":"GET en /login - 13:26:27"}
{"level":"error","message":"GET en /login - 13:26:27"}
{"level":"error","message":"GET en /login - 13:27:15"}
{"level":"error","message":"GET en / - 18:14:40"}
{"level":"error","message":"GET en / - 18:14:41"}
{"level":"error","message":"GET en /login - 18:14:41"}
{"level":"error","message":"GET en /favicon.ico - 18:14:42"}
{"level":"error","message":"GET en / - 18:14:53"}
{"level":"error","message":"GET en /login - 18:14:53"}
{"level":"error","message":"GET en /api/random/random?num=100 - 18:16:58"}
{"level":"error","message":"GET en / - 18:45:13"}
{"level":"error","message":"GET en /login - 18:45:13"}
{"level":"error","message":"GET en /api/random/random?num=100 - 18:45:46"}
{"level":"error","message":"GET en /api/random/random?num=100 - 18:45:46"}
{"level":"error","message":"GET en /api/random/random?num=100 - 18:45:46"}
{"level":"error","message":"GET en /api/random/random?num=100 - 18:45:46"}
{"level":"error","message":"GET en /api/random/random?num=100 - 18:45:46"}
{"level":"error","message":"GET en /api/random/random?num=100 - 18:45:46"}
{"level":"error","message":"GET en /api/random/random?num=100 - 18:45:46"}
{"level":"error","message":"GET en /api/random/random?num=100 - 18:45:46"}
{"level":"error","message":"GET en /api/random/random?num=100 - 18:45:46"}
{"level":"error","message":"GET en /api/random/random?num=100 - 18:45:46"}
{"level":"error","message":"GET en /api/random/random?num=100 - 18:45:46"}
{"level":"error","message":"GET en /api/random/random?num=100 - 18:45:46"}
{"level":"error","message":"GET en /api/random/random?num=100 - 18:45:46"}
{"level":"error","message":"GET en /api/random/random?num=100 - 18:45:47"}
{"level":"error","message":"GET en /api/random/random?num=100 - 18:45:47"}
{"level":"error","message":"GET en /api/random/random?num=100 - 18:45:47"}
{"level":"error","message":"GET en /api/random/random?num=100 - 18:45:47"}
{"level":"error","message":"GET en /api/random/random?num=100 - 18:45:47"}
{"level":"error","message":"GET en /api/random/random?num=100 - 18:45:47"}
{"level":"error","message":"GET en /api/random/random?num=100 - 18:45:47"}
{"level":"error","message":"GET en /api/random/random?num=100 - 18:45:47"}
{"level":"error","message":"GET en /api/random/random?num=100 - 18:45:47"}
{"level":"error","message":"GET en /api/random/random?num=100 - 18:45:47"}
{"level":"error","message":"GET en /api/random/random?num=100 - 18:45:47"}
{"level":"error","message":"GET en /api/random/random?num=100 - 18:45:47"}
{"level":"error","message":"GET en /api/random/random?num=100 - 18:45:47"}
{"level":"error","message":"GET en /api/random/random?num=100 - 18:45:47"}
{"level":"error","message":"GET en /api/random/random?num=100 - 18:45:47"}
{"level":"error","message":"GET en /api/random/random?num=100 - 18:45:47"}
{"level":"error","message":"GET en /api/random/random?num=100 - 18:45:47"}
{"level":"error","message":"GET en /api/random/random?num=100 - 18:45:47"}
{"level":"error","message":"GET en /api/random/random?num=100 - 18:45:47"}
{"level":"error","message":"GET en /api/random/random?num=100 - 18:45:47"}
{"level":"error","message":"GET en /api/random/random?num=100 - 18:45:47"}
{"level":"error","message":"GET en /api/random/random?num=100 - 18:45:47"}
{"level":"error","message":"GET en /api/random/random?num=100 - 18:45:47"}
{"level":"error","message":"GET en /api/random/random?num=100 - 18:45:47"}
{"level":"error","message":"GET en /api/random/random?num=100 - 18:45:47"}
{"level":"error","message":"GET en /api/random/random?num=100 - 18:45:47"}
{"level":"error","message":"GET en /api/random/random?num=100 - 18:45:47"}
{"level":"error","message":"GET en /api/random/random?num=100 - 18:45:47"}
{"level":"error","message":"GET en /api/random/random?num=100 - 18:45:47"}
{"level":"error","message":"GET en /api/random/random?num=100 - 18:45:47"}
{"level":"error","message":"GET en /api/random/random?num=100 - 18:45:47"}
{"level":"error","message":"GET en /api/random/random?num=100 - 18:45:47"}
{"level":"error","message":"GET en /api/random/random?num=100 - 18:45:47"}
{"level":"error","message":"GET en /api/random/random?num=100 - 18:45:47"}
{"level":"error","message":"GET en /api/random/random?num=100 - 18:45:47"}
{"level":"error","message":"GET en /api/random/random?num=100 - 18:45:47"}
{"level":"error","message":"GET en /api/random/random?num=100 - 18:45:47"}
{"level":"error","message":"GET en /api/random/random?num=100 - 18:45:47"}
{"level":"error","message":"GET en /api/random/random?num=100 - 18:45:47"}
{"level":"error","message":"GET en /api/random/random?num=100 - 18:45:48"}
{"level":"error","message":"GET en /api/random/random?num=100 - 18:45:48"}
{"level":"error","message":"GET en /api/random/random?num=100 - 18:45:48"}
{"level":"error","message":"GET en /api/random/random?num=100 - 18:45:48"}
{"level":"error","message":"GET en /api/random/random?num=100 - 18:45:48"}
{"level":"error","message":"GET en /api/random/random?num=100 - 18:45:48"}
{"level":"error","message":"GET en /api/random/random?num=100 - 18:45:48"}
{"level":"error","message":"GET en /api/random/random?num=100 - 18:45:48"}
{"level":"error","message":"GET en /api/random/random?num=100 - 18:45:48"}
{"level":"error","message":"GET en /api/random/random?num=100 - 18:45:48"}
{"level":"error","message":"GET en /api/random/random?num=100 - 18:45:48"}
{"level":"error","message":"GET en /api/random/random?num=100 - 18:45:48"}
{"level":"error","message":"GET en /api/random/random?num=100 - 18:45:48"}
{"level":"error","message":"GET en /api/random/random?num=100 - 18:45:48"}
{"level":"error","message":"GET en /api/random/random?num=100 - 18:45:48"}
{"level":"error","message":"GET en /api/random/random?num=100 - 18:45:49"}
{"level":"error","message":"GET en /api/random/random?num=100 - 18:45:49"}
{"level":"error","message":"GET en /api/random/random?num=100 - 18:45:49"}
{"level":"error","message":"GET en /api/random/random?num=100 - 18:45:49"}
{"level":"error","message":"GET en /api/random/random?num=100 - 18:45:49"}
{"level":"error","message":"GET en /api/random/random?num=100 - 18:45:49"}
{"level":"error","message":"GET en /api/random/random?num=100 - 18:45:49"}
{"level":"error","message":"GET en /api/random/random?num=100 - 18:45:49"}
{"level":"error","message":"GET en /api/random/random?num=100 - 18:45:49"}
{"level":"error","message":"GET en /api/random/random?num=100 - 18:45:49"}
{"level":"error","message":"GET en /api/random/random?num=100 - 18:45:49"}
{"level":"error","message":"GET en /api/random/random?num=100 - 18:45:49"}
{"level":"error","message":"GET en /api/random/random?num=100 - 18:45:49"}
{"level":"error","message":"GET en /api/random/random?num=100 - 18:45:49"}
{"level":"error","message":"GET en /api/random/random?num=100 - 18:45:49"}
{"level":"error","message":"GET en /api/random/random?num=100 - 18:45:49"}
{"level":"error","message":"GET en /api/random/random?num=100 - 18:45:49"}
{"level":"error","message":"GET en /api/random/random?num=100 - 18:45:49"}
{"level":"error","message":"GET en /api/random/random?num=100 - 18:45:49"}
{"level":"error","message":"GET en /api/random/random?num=100 - 18:45:49"}
{"level":"error","message":"GET en /api/random/random?num=100 - 18:45:50"}
{"level":"error","message":"GET en /api/random/random?num=100 - 18:45:50"}
{"level":"error","message":"GET en /api/random/random?num=100 - 18:45:50"}
{"level":"error","message":"GET en /api/random/random?num=100 - 18:45:50"}
{"level":"error","message":"GET en /api/random/random?num=100 - 18:45:50"}
{"level":"error","message":"GET en /api/random/random?num=100 - 18:45:50"}
{"level":"error","message":"GET en /api/random/random?num=100 - 18:45:50"}
{"level":"error","message":"GET en /api/random/random?num=100 - 18:45:50"}
{"level":"error","message":"GET en /api/random/random?num=100 - 18:45:50"}
{"level":"error","message":"GET en /api/random/random?num=100 - 18:45:50"}
{"level":"error","message":"GET en /api/random/random?num=100 - 18:45:50"}
{"level":"error","message":"GET en /api/random/random?num=100 - 18:45:50"}
{"level":"error","message":"GET en /api/random/random?num=100 - 18:45:50"}
{"level":"error","message":"GET en /api/random/random?num=100 - 18:45:50"}
{"level":"error","message":"GET en /api/random/random?num=100 - 18:45:50"}
{"level":"error","message":"GET en /api/random/random?num=100 - 18:45:50"}
{"level":"error","message":"GET en /api/random/random?num=100 - 18:45:50"}
{"level":"error","message":"GET en /api/random/random?num=100 - 18:45:50"}
{"level":"error","message":"GET en /api/random/random?num=100 - 18:45:50"}
{"level":"error","message":"GET en /api/random/random?num=100 - 18:45:50"}
{"level":"error","message":"GET en /api/random/random?num=100 - 18:45:50"}
{"level":"error","message":"GET en /api/random/random?num=100 - 18:45:50"}
{"level":"error","message":"GET en /api/random/random?num=100 - 18:45:50"}
{"level":"error","message":"GET en /api/random/random?num=100 - 18:45:51"}
{"level":"error","message":"GET en /api/random/random?num=100 - 18:45:51"}
{"level":"error","message":"GET en /api/random/random?num=100 - 18:45:51"}
{"level":"error","message":"GET en /api/random/random?num=100 - 18:45:51"}
{"level":"error","message":"GET en /api/random/random?num=100 - 18:45:51"}
{"level":"error","message":"GET en /api/random/random?num=100 - 18:45:51"}
{"level":"error","message":"GET en /api/random/random?num=100 - 18:45:51"}
{"level":"error","message":"GET en /api/random/random?num=100 - 18:45:51"}
{"level":"error","message":"GET en /api/random/random?num=100 - 18:45:51"}
{"level":"error","message":"GET en /api/random/random?num=100 - 18:45:51"}
{"level":"error","message":"GET en /api/random/random?num=100 - 18:45:51"}
{"level":"error","message":"GET en /api/random/random?num=100 - 18:45:51"}
{"level":"error","message":"GET en /api/random/random?num=100 - 18:45:51"}
{"level":"error","message":"GET en /api/random/random?num=100 - 18:45:51"}
{"level":"error","message":"GET en /api/random/random?num=100 - 18:45:51"}
{"level":"error","message":"GET en /api/random/random?num=100 - 18:45:51"}
{"level":"error","message":"GET en /api/random/random?num=100 - 18:45:51"}
{"level":"error","message":"GET en /api/random/random?num=100 - 18:45:51"}
{"level":"error","message":"GET en /api/random/random?num=100 - 18:45:51"}
{"level":"error","message":"GET en /api/random/random?num=100 - 18:45:51"}
{"level":"error","message":"GET en /api/random/random?num=100 - 18:45:51"}
{"level":"error","message":"GET en /api/random/random?num=100 - 18:45:52"}
{"level":"error","message":"GET en /api/random/random?num=100 - 18:45:52"}
{"level":"error","message":"GET en /api/random/random?num=100 - 18:45:52"}
{"level":"error","message":"GET en /api/random/random?num=100 - 18:45:52"}
{"level":"error","message":"GET en /api/random/random?num=100 - 18:45:52"}
{"level":"error","message":"GET en /api/random/random?num=100 - 18:45:52"}
{"level":"error","message":"GET en /api/random/random?num=100 - 18:45:52"}
{"level":"error","message":"GET en /api/random/random?num=100 - 18:45:52"}
{"level":"error","message":"GET en /api/random/random?num=100 - 18:45:52"}
{"level":"error","message":"GET en /api/random/random?num=100 - 18:45:52"}
{"level":"error","message":"GET en /api/random/random?num=100 - 18:45:52"}
{"level":"error","message":"GET en /api/random/random?num=100 - 18:45:52"}
{"level":"error","message":"GET en /api/random/random?num=100 - 18:45:52"}
{"level":"error","message":"GET en /api/random/random?num=100 - 18:45:52"}
{"level":"error","message":"GET en /api/random/random?num=100 - 18:45:52"}
{"level":"error","message":"GET en /api/random/random?num=100 - 18:45:52"}
{"level":"error","message":"GET en /api/random/random?num=100 - 18:45:52"}
{"level":"error","message":"GET en /api/random/random?num=100 - 18:45:53"}
{"level":"error","message":"GET en /api/random/random?num=100 - 18:45:53"}
{"level":"error","message":"GET en /api/random/random?num=100 - 18:45:53"}
{"level":"error","message":"GET en /api/random/random?num=100 - 18:45:53"}
{"level":"error","message":"GET en /api/random/random?num=100 - 18:45:53"}
{"level":"error","message":"GET en /api/random/random?num=100 - 18:45:53"}
{"level":"error","message":"GET en /api/random/random?num=100 - 18:45:53"}
{"level":"error","message":"GET en /api/random/random?num=100 - 18:45:53"}
{"level":"error","message":"GET en /api/random/random?num=100 - 18:45:53"}
{"level":"error","message":"GET en /api/random/random?num=100 - 18:45:53"}
{"level":"error","message":"GET en /api/random/random?num=100 - 18:45:53"}
{"level":"error","message":"GET en /api/random/random?num=100 - 18:45:53"}
{"level":"error","message":"GET en /api/random/random?num=100 - 18:45:53"}
{"level":"error","message":"GET en /api/random/random?num=100 - 18:45:53"}
{"level":"error","message":"GET en /api/random/random?num=100 - 18:45:53"}
{"level":"error","message":"GET en /api/random/random?num=100 - 18:45:53"}
{"level":"error","message":"GET en /api/random/random?num=100 - 18:45:53"}
{"level":"error","message":"GET en /api/random/random?num=100 - 18:45:53"}
{"level":"error","message":"GET en /api/random/random?num=100 - 18:45:53"}
{"level":"error","message":"GET en /api/random/random?num=100 - 18:45:53"}
{"level":"error","message":"GET en /api/random/random?num=100 - 18:45:54"}
{"level":"error","message":"GET en /api/random/random?num=100 - 18:45:54"}
{"level":"error","message":"GET en /api/random/random?num=100 - 18:45:54"}
{"level":"error","message":"GET en /api/random/random?num=100 - 18:45:54"}
{"level":"error","message":"GET en /api/random/random?num=100 - 18:45:54"}
{"level":"error","message":"GET en /api/random/random?num=100 - 18:45:54"}
{"level":"error","message":"GET en /api/random/random?num=100 - 18:45:54"}
{"level":"error","message":"GET en /api/random/random?num=100 - 18:45:54"}
{"level":"error","message":"GET en /api/random/random?num=100 - 18:45:54"}
{"level":"error","message":"GET en /api/random/random?num=100 - 18:45:54"}
{"level":"error","message":"GET en /api/random/random?num=100 - 18:45:54"}
{"level":"error","message":"GET en /api/random/random?num=100 - 18:45:54"}
{"level":"error","message":"GET en /api/random/random?num=100 - 18:45:54"}
{"level":"error","message":"GET en /api/random/random?num=100 - 18:45:55"}
{"level":"error","message":"GET en /api/random/random?num=100 - 18:45:55"}
{"level":"error","message":"GET en /api/random/random?num=100 - 18:45:55"}
{"level":"error","message":"GET en /api/random/random?num=100 - 18:45:55"}
{"level":"error","message":"GET en /api/random/random?num=100 - 18:45:55"}
{"level":"error","message":"GET en /api/random/random?num=100 - 18:45:55"}
{"level":"error","message":"GET en /api/random/random?num=100 - 18:45:55"}
{"level":"error","message":"GET en /api/random/random?num=100 - 18:45:55"}
{"level":"error","message":"GET en /api/random/random?num=100 - 18:45:55"}
{"level":"error","message":"GET en /api/random/random?num=100 - 18:45:55"}
{"level":"error","message":"GET en /api/random/random?num=100 - 18:45:55"}
{"level":"error","message":"GET en /api/random/random?num=100 - 18:45:55"}
{"level":"error","message":"GET en /api/random/random?num=100 - 18:45:55"}
{"level":"error","message":"GET en /api/random/random?num=100 - 18:45:55"}
{"level":"error","message":"GET en /api/random/random?num=100 - 18:45:55"}
{"level":"error","message":"GET en /api/random/random?num=100 - 18:45:56"}
{"level":"error","message":"GET en /api/random/random?num=100 - 18:45:56"}
{"level":"error","message":"GET en /api/random/random?num=100 - 18:45:56"}
{"level":"error","message":"GET en /api/random/random?num=100 - 18:45:56"}
{"level":"error","message":"GET en /api/random/random?num=100 - 18:45:56"}
{"level":"error","message":"GET en /api/random/random?num=100 - 18:45:56"}
{"level":"error","message":"GET en /api/random/random?num=100 - 18:45:56"}
{"level":"error","message":"GET en /api/random/random?num=100 - 18:45:56"}
{"level":"error","message":"GET en /api/random/random?num=100 - 18:45:56"}
{"level":"error","message":"GET en /api/random/random?num=100 - 18:45:56"}
{"level":"error","message":"GET en /api/random/random?num=100 - 18:45:56"}
{"level":"error","message":"GET en /api/random/random?num=100 - 18:45:56"}
{"level":"error","message":"GET en /api/random/random?num=100 - 18:45:56"}
{"level":"error","message":"GET en /api/random/random?num=100 - 18:45:56"}
{"level":"error","message":"GET en /api/random/random?num=100 - 18:45:56"}
{"level":"error","message":"GET en /api/random/random?num=100 - 18:45:56"}
{"level":"error","message":"GET en /api/random/random?num=100 - 18:45:56"}
{"level":"error","message":"GET en /api/random/random?num=100 - 18:45:56"}
{"level":"error","message":"GET en /api/random/random?num=100 - 18:45:56"}
{"level":"error","message":"GET en /api/random/random?num=100 - 18:45:56"}
{"level":"error","message":"GET en /api/random/random?num=100 - 18:45:56"}
{"level":"error","message":"GET en /api/random/random?num=100 - 18:45:57"}
{"level":"error","message":"GET en /api/random/random?num=100 - 18:45:57"}
{"level":"error","message":"GET en /api/random/random?num=100 - 18:45:57"}
{"level":"error","message":"GET en /api/random/random?num=100 - 18:45:57"}
{"level":"error","message":"GET en /api/random/random?num=100 - 18:45:57"}
{"level":"error","message":"GET en /api/random/random?num=100 - 18:45:57"}
{"level":"error","message":"GET en /api/random/random?num=100 - 18:45:57"}
{"level":"error","message":"GET en /api/random/random?num=100 - 18:45:57"}
{"level":"error","message":"GET en /api/random/random?num=100 - 18:45:57"}
{"level":"error","message":"GET en /api/random/random?num=100 - 18:45:57"}
{"level":"error","message":"GET en /api/random/random?num=100 - 18:45:57"}
{"level":"error","message":"GET en /api/random/random?num=100 - 18:45:57"}
{"level":"error","message":"GET en /api/random/random?num=100 - 18:45:58"}
{"level":"error","message":"GET en /api/random/random?num=100 - 18:45:58"}
{"level":"error","message":"GET en /api/random/random?num=100 - 18:45:58"}
{"level":"error","message":"GET en /api/random/random?num=100 - 18:45:58"}
{"level":"error","message":"GET en /api/random/random?num=100 - 18:45:58"}
{"level":"error","message":"GET en /api/random/random?num=100 - 18:45:58"}
{"level":"error","message":"GET en /api/random/random?num=100 - 18:45:58"}
{"level":"error","message":"GET en /api/random/random?num=100 - 18:45:58"}
{"level":"error","message":"GET en /api/random/random?num=100 - 18:45:58"}
{"level":"error","message":"GET en /api/random/random?num=100 - 18:45:58"}
{"level":"error","message":"GET en /api/random/random?num=100 - 18:45:58"}
{"level":"error","message":"GET en /api/random/random?num=100 - 18:45:58"}
{"level":"error","message":"GET en /api/random/random?num=100 - 18:45:58"}
{"level":"error","message":"GET en /api/random/random?num=100 - 18:45:58"}
{"level":"error","message":"GET en /api/random/random?num=100 - 18:45:58"}
{"level":"error","message":"GET en /api/random/random?num=100 - 18:45:58"}
{"level":"error","message":"GET en /api/random/random?num=100 - 18:45:58"}
{"level":"error","message":"GET en /api/random/random?num=100 - 18:45:58"}
{"level":"error","message":"GET en /api/random/random?num=100 - 18:45:58"}
{"level":"error","message":"GET en /api/random/random?num=100 - 18:45:59"}
{"level":"error","message":"GET en /api/random/random?num=100 - 18:45:59"}
{"level":"error","message":"GET en /api/random/random?num=100 - 18:45:59"}
{"level":"error","message":"GET en /api/random/random?num=100 - 18:45:59"}
{"level":"error","message":"GET en /api/random/random?num=100 - 18:45:59"}
{"level":"error","message":"GET en /api/random/random?num=100 - 18:45:59"}
{"level":"error","message":"GET en /api/random/random?num=100 - 18:45:59"}
{"level":"error","message":"GET en /api/random/random?num=100 - 18:45:59"}
{"level":"error","message":"GET en /api/random/random?num=100 - 18:45:59"}
{"level":"error","message":"GET en /api/random/random?num=100 - 18:45:59"}
{"level":"error","message":"GET en /api/random/random?num=100 - 18:45:59"}
{"level":"error","message":"GET en /api/random/random?num=100 - 18:45:59"}
{"level":"error","message":"GET en /api/random/random?num=100 - 18:46:00"}
{"level":"error","message":"GET en /api/random/random?num=100 - 18:46:00"}
{"level":"error","message":"GET en /api/random/random?num=100 - 18:46:00"}
{"level":"error","message":"GET en /api/random/random?num=100 - 18:46:00"}
{"level":"error","message":"GET en /api/random/random?num=100 - 18:46:00"}
{"level":"error","message":"GET en /api/random/random?num=100 - 18:46:00"}
{"level":"error","message":"GET en /api/random/random?num=100 - 18:46:00"}
{"level":"error","message":"GET en /api/random/random?num=100 - 18:46:00"}
{"level":"error","message":"GET en /api/random/random?num=100 - 18:46:00"}
{"level":"error","message":"GET en /api/random/random?num=100 - 18:46:00"}
{"level":"error","message":"GET en /api/random/random?num=100 - 18:46:00"}
{"level":"error","message":"GET en /api/random/random?num=100 - 18:46:00"}
{"level":"error","message":"GET en /api/random/random?num=100 - 18:46:00"}
{"level":"error","message":"GET en /api/random/random?num=100 - 18:46:00"}
{"level":"error","message":"GET en /api/random/random?num=100 - 18:46:01"}
{"level":"error","message":"GET en /api/random/random?num=100 - 18:46:01"}
{"level":"error","message":"GET en /api/random/random?num=100 - 18:46:01"}
{"level":"error","message":"GET en /api/random/random?num=100 - 18:46:01"}
{"level":"error","message":"GET en /api/random/random?num=100 - 18:46:01"}
{"level":"error","message":"GET en /api/random/random?num=100 - 18:46:01"}
{"level":"error","message":"GET en /api/random/random?num=100 - 18:46:01"}
{"level":"error","message":"GET en /api/random/random?num=100 - 18:46:01"}
{"level":"error","message":"GET en /api/random/random?num=100 - 18:46:01"}
{"level":"error","message":"GET en /api/random/random?num=100 - 18:46:01"}
{"level":"error","message":"GET en /api/random/random?num=100 - 18:46:01"}
{"level":"error","message":"GET en /api/random/random?num=100 - 18:46:01"}
{"level":"error","message":"GET en /api/random/random?num=100 - 18:46:01"}
{"level":"error","message":"GET en /api/random/random?num=100 - 18:46:01"}
{"level":"error","message":"GET en /api/random/random?num=100 - 18:46:01"}
{"level":"error","message":"GET en /api/random/random?num=100 - 18:46:01"}
{"level":"error","message":"GET en /api/random/random?num=100 - 18:46:01"}
{"level":"error","message":"GET en /api/random/random?num=100 - 18:46:01"}
{"level":"error","message":"GET en /api/random/random?num=100 - 18:46:01"}
{"level":"error","message":"GET en /api/random/random?num=100 - 18:46:01"}
{"level":"error","message":"GET en /api/random/random?num=100 - 18:46:01"}
{"level":"error","message":"GET en /api/random/random?num=100 - 18:46:01"}
{"level":"error","message":"GET en /api/random/random?num=100 - 18:46:01"}
{"level":"error","message":"GET en /api/random/random?num=100 - 18:46:01"}
{"level":"error","message":"GET en /api/random/random?num=100 - 18:46:01"}
{"level":"error","message":"GET en /api/random/random?num=100 - 18:46:02"}
{"level":"error","message":"GET en /api/random/random?num=100 - 18:46:02"}
{"level":"error","message":"GET en /api/random/random?num=100 - 18:46:02"}
{"level":"error","message":"GET en /api/random/random?num=100 - 18:46:02"}
{"level":"error","message":"GET en /api/random/random?num=100 - 18:46:02"}
{"level":"error","message":"GET en /api/random/random?num=100 - 18:46:02"}
{"level":"error","message":"GET en /api/random/random?num=100 - 18:46:02"}
{"level":"error","message":"GET en /api/random/random?num=100 - 18:46:02"}
{"level":"error","message":"GET en /api/random/random?num=100 - 18:46:02"}
{"level":"error","message":"GET en /api/random/random?num=100 - 18:46:02"}
{"level":"error","message":"GET en /api/random/random?num=100 - 18:46:02"}
{"level":"error","message":"GET en /api/random/random?num=100 - 18:46:02"}
{"level":"error","message":"GET en /api/random/random?num=100 - 18:46:02"}
{"level":"error","message":"GET en /api/random/random?num=100 - 18:46:02"}
{"level":"error","message":"GET en /api/random/random?num=100 - 18:46:02"}
{"level":"error","message":"GET en /api/random/random?num=100 - 18:46:02"}
{"level":"error","message":"GET en /api/random/random?num=100 - 18:46:02"}
{"level":"error","message":"GET en /api/random/random?num=100 - 18:46:02"}
{"level":"error","message":"GET en /api/random/random?num=100 - 18:46:02"}
{"level":"error","message":"GET en /api/random/random?num=100 - 18:46:02"}
{"level":"error","message":"GET en /api/random/random?num=100 - 18:46:02"}
{"level":"error","message":"GET en /api/random/random?num=100 - 18:46:03"}
{"level":"error","message":"GET en /api/random/random?num=100 - 18:46:03"}
{"level":"error","message":"GET en /api/random/random?num=100 - 18:46:03"}
{"level":"error","message":"GET en /api/random/random?num=100 - 18:46:03"}
{"level":"error","message":"GET en /api/random/random?num=100 - 18:46:03"}
{"level":"error","message":"GET en /api/random/random?num=100 - 18:46:03"}
{"level":"error","message":"GET en /api/random/random?num=100 - 18:46:03"}
{"level":"error","message":"GET en /api/random/random?num=100 - 18:46:03"}
{"level":"error","message":"GET en /api/random/random?num=100 - 18:46:03"}
{"level":"error","message":"GET en /api/random/random?num=100 - 18:46:04"}
{"level":"error","message":"GET en /api/random/random?num=100 - 18:46:04"}
{"level":"error","message":"GET en /api/random/random?num=100 - 18:46:04"}
{"level":"error","message":"GET en /api/random/random?num=100 - 18:46:04"}
{"level":"error","message":"GET en /api/random/random?num=100 - 18:46:04"}
{"level":"error","message":"GET en /api/random/random?num=100 - 18:46:04"}
{"level":"error","message":"GET en /api/random/random?num=100 - 18:46:04"}
{"level":"error","message":"GET en /api/random/random?num=100 - 18:46:04"}
{"level":"error","message":"GET en /api/random/random?num=100 - 18:46:04"}
{"level":"error","message":"GET en /api/random/random?num=100 - 18:46:04"}
{"level":"error","message":"GET en /api/random/random?num=100 - 18:46:04"}
{"level":"error","message":"GET en /api/random/random?num=100 - 18:46:04"}
{"level":"error","message":"GET en /api/random/random?num=100 - 18:46:04"}
{"level":"error","message":"GET en /api/random/random?num=100 - 18:46:04"}
{"level":"error","message":"GET en /api/random/random?num=100 - 18:46:04"}
{"level":"error","message":"GET en /api/random/random?num=100 - 18:46:04"}
{"level":"error","message":"GET en /api/random/random?num=100 - 18:46:04"}
{"level":"error","message":"GET en /api/random/random?num=100 - 18:46:04"}
{"level":"error","message":"GET en /api/random/random?num=100 - 18:46:04"}
{"level":"error","message":"GET en /api/random/random?num=100 - 18:46:04"}
{"level":"error","message":"GET en /api/random/random?num=100 - 18:46:04"}
{"level":"error","message":"GET en /api/random/random?num=100 - 18:46:04"}
{"level":"error","message":"GET en /api/random/random?num=100 - 18:46:04"}
{"level":"error","message":"GET en /api/random/random?num=100 - 18:46:04"}
{"level":"error","message":"GET en /api/random/random?num=100 - 18:46:04"}
{"level":"error","message":"GET en /api/random/random?num=100 - 18:46:05"}
{"level":"error","message":"GET en /api/random/random?num=100 - 18:46:05"}
{"level":"error","message":"GET en /api/random/random?num=100 - 18:46:05"}
{"level":"error","message":"GET en /api/random/random?num=100 - 18:46:05"}
{"level":"error","message":"GET en /api/random/random?num=100 - 18:46:05"}
{"level":"error","message":"GET en /api/random/random?num=100 - 18:46:05"}
{"level":"error","message":"GET en /api/random/random?num=100 - 18:46:05"}
{"level":"error","message":"GET en /api/random/random?num=100 - 18:46:05"}
{"level":"error","message":"GET en /api/random/random?num=100 - 18:46:05"}
{"level":"error","message":"GET en /api/random/random?num=100 - 18:46:05"}
{"level":"error","message":"GET en /api/random/random?num=100 - 18:46:05"}
{"level":"error","message":"GET en /api/random/random?num=100 - 18:46:05"}
{"level":"error","message":"GET en /api/random/random?num=100 - 18:46:05"}
{"level":"error","message":"GET en /api/random/random?num=100 - 18:46:05"}
{"level":"error","message":"GET en /api/random/random?num=100 - 18:46:06"}
{"level":"error","message":"GET en /api/random/random?num=100 - 18:46:06"}
{"level":"error","message":"GET en /api/random/random?num=100 - 18:46:06"}
{"level":"error","message":"GET en /api/random/random?num=100 - 18:46:06"}
{"level":"error","message":"GET en /api/random/random?num=100 - 18:46:06"}
{"level":"error","message":"GET en /api/random/random?num=100 - 18:46:06"}
{"level":"error","message":"GET en /api/random/random?num=100 - 18:46:06"}
{"level":"error","message":"GET en /api/random/random?num=100 - 18:46:06"}
{"level":"error","message":"GET en /api/random/random?num=100 - 18:46:06"}
{"level":"error","message":"GET en /api/random/random?num=100 - 18:46:06"}
{"level":"error","message":"GET en /api/random/random?num=100 - 18:46:06"}
{"level":"error","message":"GET en /api/random/random?num=100 - 18:46:06"}
{"level":"error","message":"GET en /api/random/random?num=100 - 18:46:06"}
{"level":"error","message":"GET en /api/random/random?num=100 - 18:46:06"}
{"level":"error","message":"GET en /api/random/random?num=100 - 18:46:06"}
{"level":"error","message":"GET en /api/random/random?num=100 - 18:46:06"}
{"level":"error","message":"GET en /api/random/random?num=100 - 18:46:06"}
{"level":"error","message":"GET en /api/random/random?num=100 - 18:46:06"}
{"level":"error","message":"GET en /api/random/random?num=100 - 18:46:07"}
{"level":"error","message":"GET en /api/random/random?num=100 - 18:46:07"}
{"level":"error","message":"GET en /api/random/random?num=100 - 18:46:07"}
{"level":"error","message":"GET en /api/random/random?num=100 - 18:46:07"}
{"level":"error","message":"GET en /api/random/random?num=100 - 18:46:07"}
{"level":"error","message":"GET en /api/random/random?num=100 - 18:46:07"}
{"level":"error","message":"GET en /api/random/random?num=100 - 18:46:07"}
{"level":"error","message":"GET en /api/random/random?num=100 - 18:46:07"}
{"level":"error","message":"GET en /api/random/random?num=100 - 18:46:07"}
{"level":"error","message":"GET en /api/random/random?num=100 - 18:46:07"}
{"level":"error","message":"GET en /api/random/random?num=100 - 18:46:07"}
{"level":"error","message":"GET en /api/random/random?num=100 - 18:46:07"}
{"level":"error","message":"GET en /api/random/random?num=100 - 18:46:07"}
{"level":"error","message":"GET en /api/random/random?num=100 - 18:46:07"}
{"level":"error","message":"GET en /api/random/random?num=100 - 18:46:07"}
{"level":"error","message":"GET en /api/random/random?num=100 - 18:46:07"}
{"level":"error","message":"GET en /api/random/random?num=100 - 18:46:07"}
{"level":"error","message":"GET en /api/random/random?num=100 - 18:46:07"}
{"level":"error","message":"GET en /api/random/random?num=100 - 18:46:07"}
{"level":"error","message":"GET en /api/random/random?num=100 - 18:46:07"}
{"level":"error","message":"GET en /api/random/random?num=100 - 18:46:07"}
{"level":"error","message":"GET en /api/random/random?num=100 - 18:46:08"}
{"level":"error","message":"GET en /api/random/random?num=100 - 18:46:08"}
{"level":"error","message":"GET en /api/random/random?num=100 - 18:46:08"}
{"level":"error","message":"GET en /api/random/random?num=100 - 18:46:08"}
{"level":"error","message":"GET en /api/random/random?num=100 - 18:46:08"}
{"level":"error","message":"GET en /api/random/random?num=100 - 18:46:08"}
{"level":"error","message":"GET en /api/random/random?num=100 - 18:46:08"}
{"level":"error","message":"GET en /api/random/random?num=100 - 18:46:08"}
{"level":"error","message":"GET en /api/random/random?num=100 - 18:46:08"}
{"level":"error","message":"GET en /api/random/random?num=100 - 18:46:08"}
{"level":"error","message":"GET en /api/random/random?num=100 - 18:46:08"}
{"level":"error","message":"GET en /api/random/random?num=100 - 18:46:08"}
{"level":"error","message":"GET en /api/random/random?num=100 - 18:46:08"}
{"level":"error","message":"GET en /api/random/random?num=100 - 18:46:08"}
{"level":"error","message":"GET en /api/random/random?num=100 - 18:46:08"}
{"level":"error","message":"GET en /api/random/random?num=100 - 18:46:08"}
{"level":"error","message":"GET en /api/random/random?num=100 - 18:46:08"}
{"level":"error","message":"GET en /api/random/random?num=100 - 18:46:08"}
{"level":"error","message":"GET en /api/random/random?num=100 - 18:46:09"}
{"level":"error","message":"GET en /api/random/random?num=100 - 18:46:09"}
{"level":"error","message":"GET en /api/random/random?num=100 - 18:46:09"}
{"level":"error","message":"GET en /api/random/random?num=100 - 18:46:09"}
{"level":"error","message":"GET en /api/random/random?num=100 - 18:46:09"}
{"level":"error","message":"GET en /api/random/random?num=100 - 18:46:09"}
{"level":"error","message":"GET en /api/random/random?num=100 - 18:46:09"}
{"level":"error","message":"GET en /api/random/random?num=100 - 18:46:09"}
{"level":"error","message":"GET en /api/random/random?num=100 - 18:46:09"}
{"level":"error","message":"GET en /api/random/random?num=100 - 18:46:09"}
{"level":"error","message":"GET en /api/random/random?num=100 - 18:46:09"}
{"level":"error","message":"GET en /api/random/random?num=100 - 18:46:09"}
{"level":"error","message":"GET en /api/random/random?num=100 - 18:46:09"}
{"level":"error","message":"GET en /api/random/random?num=100 - 18:46:10"}
{"level":"error","message":"GET en /api/random/random?num=100 - 18:46:10"}
{"level":"error","message":"GET en /api/random/random?num=100 - 18:46:10"}
{"level":"error","message":"GET en /api/random/random?num=100 - 18:46:10"}
{"level":"error","message":"GET en /api/random/random?num=100 - 18:46:10"}
{"level":"error","message":"GET en /api/random/random?num=100 - 18:46:10"}
{"level":"error","message":"GET en /api/random/random?num=100 - 18:46:11"}
{"level":"error","message":"GET en /api/random/random?num=100 - 18:46:11"}
{"level":"error","message":"GET en /api/random/random?num=100 - 18:46:11"}
{"level":"error","message":"GET en /api/random/random?num=100 - 18:46:11"}
{"level":"error","message":"GET en /api/random/random?num=100 - 18:46:11"}
{"level":"error","message":"GET en /api/random/random?num=100 - 18:46:11"}
{"level":"error","message":"GET en /api/random/random?num=100 - 18:46:11"}
{"level":"error","message":"GET en /api/random/random?num=100 - 18:46:11"}
{"level":"error","message":"GET en /api/random/random?num=100 - 18:46:11"}
{"level":"error","message":"GET en /api/random/random?num=100 - 18:46:12"}
{"level":"error","message":"GET en /api/random/random?num=100 - 18:46:12"}
{"level":"error","message":"GET en /api/random/random?num=100 - 18:46:12"}
{"level":"error","message":"GET en /api/random/random?num=100 - 18:46:12"}
{"level":"error","message":"GET en /api/random/random?num=100 - 18:46:12"}
{"level":"error","message":"GET en /api/random/random?num=100 - 18:46:12"}
{"level":"error","message":"GET en /api/random/random?num=100 - 18:46:12"}
{"level":"error","message":"GET en /api/random/random?num=100 - 18:46:12"}
{"level":"error","message":"GET en /api/random/random?num=100 - 18:46:12"}
{"level":"error","message":"GET en /api/random/random?num=100 - 18:46:12"}
{"level":"error","message":"GET en /api/random/random?num=100 - 18:46:12"}
{"level":"error","message":"GET en /api/random/random?num=100 - 18:46:12"}
{"level":"error","message":"GET en /api/random/random?num=100 - 18:46:12"}
{"level":"error","message":"GET en /api/random/random?num=100 - 18:46:12"}
{"level":"error","message":"GET en /api/random/random?num=100 - 18:46:12"}
{"level":"error","message":"GET en /api/random/random?num=100 - 18:46:12"}
{"level":"error","message":"GET en /api/random/random?num=100 - 18:46:13"}
{"level":"error","message":"GET en /api/random/random?num=100 - 18:46:13"}
{"level":"error","message":"GET en /api/random/random?num=100 - 18:46:13"}
{"level":"error","message":"GET en /api/random/random?num=100 - 18:46:13"}
{"level":"error","message":"GET en /api/random/random?num=100 - 18:46:13"}
{"level":"error","message":"GET en /api/random/random?num=100 - 18:46:13"}
{"level":"error","message":"GET en /api/random/random?num=100 - 18:46:13"}
{"level":"error","message":"GET en /api/random/random?num=100 - 18:46:13"}
{"level":"error","message":"GET en /api/random/random?num=100 - 18:46:13"}
{"level":"error","message":"GET en /api/random/random?num=100 - 18:46:13"}
{"level":"error","message":"GET en /api/random/random?num=100 - 18:46:13"}
{"level":"error","message":"GET en /api/random/random?num=100 - 18:46:25"}
{"level":"error","message":"GET en /api/random/random?num=100 - 18:46:25"}
{"level":"error","message":"GET en /api/random/random?num=100 - 18:46:25"}
{"level":"error","message":"GET en /api/random/random?num=100 - 18:46:25"}
{"level":"error","message":"GET en /api/random/random?num=100 - 18:46:25"}
{"level":"error","message":"GET en /api/random/random?num=100 - 18:46:25"}
{"level":"error","message":"GET en /api/random/random?num=100 - 18:46:25"}
{"level":"error","message":"GET en /api/random/random?num=100 - 18:46:25"}
{"level":"error","message":"GET en /api/random/random?num=100 - 18:46:26"}
{"level":"error","message":"GET en /api/random/random?num=100 - 18:46:26"}
{"level":"error","message":"GET en /api/random/random?num=100 - 18:46:26"}
{"level":"error","message":"GET en /api/random/random?num=100 - 18:46:26"}
{"level":"error","message":"GET en /api/random/random?num=100 - 18:46:26"}
{"level":"error","message":"GET en /api/random/random?num=100 - 18:46:26"}
{"level":"error","message":"GET en /api/random/random?num=100 - 18:49:48"}
{"level":"error","message":"GET en /api/random/random?num=100 - 18:49:48"}
{"level":"error","message":"GET en /api/random/random?num=100 - 18:49:48"}
{"level":"error","message":"GET en /api/random/random?num=100 - 18:49:48"}
{"level":"error","message":"GET en /api/random/random?num=100 - 18:49:48"}
{"level":"error","message":"GET en /api/random/random?num=100 - 18:49:48"}
{"level":"error","message":"GET en /api/random/random?num=100 - 18:49:48"}
{"level":"error","message":"GET en /api/random/random?num=100 - 18:49:48"}
{"level":"error","message":"GET en /api/random/random?num=100 - 18:49:48"}
{"level":"error","message":"GET en /api/random/random?num=100 - 18:49:48"}
{"level":"error","message":"GET en /api/random/random?num=100 - 18:49:48"}
{"level":"error","message":"GET en /api/random/random?num=100 - 18:49:48"}
{"level":"error","message":"GET en /api/random/random?num=100 - 18:49:48"}
{"level":"error","message":"GET en /api/random/random?num=100 - 18:49:48"}
{"level":"error","message":"GET en /api/random/random?num=100 - 18:49:48"}
{"level":"error","message":"GET en /api/random/random?num=100 - 18:49:48"}
{"level":"error","message":"GET en /api/random/random?num=100 - 18:49:49"}
{"level":"error","message":"GET en /api/random/random?num=100 - 18:49:49"}
{"level":"error","message":"GET en /api/random/random?num=100 - 18:49:49"}
{"level":"error","message":"GET en /api/random/random?num=100 - 18:49:49"}
{"level":"error","message":"GET en /api/random/random?num=100 - 18:49:49"}
{"level":"error","message":"GET en /api/random/random?num=100 - 18:49:49"}
{"level":"error","message":"GET en /api/random/random?num=100 - 18:49:49"}
{"level":"error","message":"GET en /api/random/random?num=100 - 18:49:49"}
{"level":"error","message":"GET en /api/random/random?num=100 - 18:49:49"}
{"level":"error","message":"GET en /api/random/random?num=100 - 18:49:49"}
{"level":"error","message":"GET en /api/random/random?num=100 - 18:49:49"}
{"level":"error","message":"GET en /api/random/random?num=100 - 18:49:49"}
{"level":"error","message":"GET en /api/random/random?num=100 - 18:49:49"}
{"level":"error","message":"GET en /api/random/random?num=100 - 18:49:49"}
{"level":"error","message":"GET en /api/random/random?num=100 - 18:49:49"}
{"level":"error","message":"GET en /api/random/random?num=100 - 18:49:49"}
{"level":"error","message":"GET en /api/random/random?num=100 - 18:49:49"}
{"level":"error","message":"GET en /api/random/random?num=100 - 18:49:49"}
{"level":"error","message":"GET en /api/random/random?num=100 - 18:49:49"}
{"level":"error","message":"GET en /api/random/random?num=100 - 18:49:50"}
{"level":"error","message":"GET en /api/random/random?num=100 - 18:49:50"}
{"level":"error","message":"GET en /api/random/random?num=100 - 18:49:50"}
{"level":"error","message":"GET en /api/random/random?num=100 - 18:49:50"}
{"level":"error","message":"GET en /api/random/random?num=100 - 18:49:50"}
{"level":"error","message":"GET en /api/random/random?num=100 - 18:49:50"}
{"level":"error","message":"GET en /api/random/random?num=100 - 18:49:50"}
{"level":"error","message":"GET en /api/random/random?num=100 - 18:49:50"}
{"level":"error","message":"GET en /api/random/random?num=100 - 18:49:50"}
{"level":"error","message":"GET en /api/random/random?num=100 - 18:49:50"}
{"level":"error","message":"GET en /api/random/random?num=100 - 18:49:50"}
{"level":"error","message":"GET en /api/random/random?num=100 - 18:49:50"}
{"level":"error","message":"GET en /api/random/random?num=100 - 18:49:51"}
{"level":"error","message":"GET en /api/random/random?num=100 - 18:49:51"}
{"level":"error","message":"GET en /api/random/random?num=100 - 18:49:51"}
{"level":"error","message":"GET en /api/random/random?num=100 - 18:49:51"}
{"level":"error","message":"GET en /api/random/random?num=100 - 18:49:51"}
{"level":"error","message":"GET en /api/random/random?num=100 - 18:49:51"}
{"level":"error","message":"GET en /api/random/random?num=100 - 18:49:51"}
{"level":"error","message":"GET en /api/random/random?num=100 - 18:49:51"}
{"level":"error","message":"GET en /api/random/random?num=100 - 18:49:51"}
{"level":"error","message":"GET en /api/random/random?num=100 - 18:49:51"}
{"level":"error","message":"GET en /api/random/random?num=100 - 18:49:51"}
{"level":"error","message":"GET en /api/random/random?num=100 - 18:49:51"}
{"level":"error","message":"GET en /api/random/random?num=100 - 18:49:51"}
{"level":"error","message":"GET en /api/random/random?num=100 - 18:49:51"}
{"level":"error","message":"GET en /api/random/random?num=100 - 18:49:51"}
{"level":"error","message":"GET en /api/random/random?num=100 - 18:49:51"}
{"level":"error","message":"GET en /api/random/random?num=100 - 18:49:51"}
{"level":"error","message":"GET en /api/random/random?num=100 - 18:49:52"}
{"level":"error","message":"GET en /api/random/random?num=100 - 18:49:52"}
{"level":"error","message":"GET en /api/random/random?num=100 - 18:49:52"}
{"level":"error","message":"GET en /api/random/random?num=100 - 18:49:52"}
{"level":"error","message":"GET en /api/random/random?num=100 - 18:49:52"}
{"level":"error","message":"GET en /api/random/random?num=100 - 18:49:52"}
{"level":"error","message":"GET en /api/random/random?num=100 - 18:49:52"}
{"level":"error","message":"GET en /api/random/random?num=100 - 18:49:52"}
{"level":"error","message":"GET en /api/random/random?num=100 - 18:49:52"}
{"level":"error","message":"GET en /api/random/random?num=100 - 18:49:52"}
{"level":"error","message":"GET en /api/random/random?num=100 - 18:49:52"}
{"level":"error","message":"GET en /api/random/random?num=100 - 18:49:54"}
{"level":"error","message":"GET en /api/random/random?num=100 - 18:49:59"}
{"level":"error","message":"GET en /api/random/random?num=100 - 18:49:59"}
{"level":"error","message":"GET en /api/random/random?num=100 - 18:49:59"}
{"level":"error","message":"GET en /api/random/random?num=100 - 18:49:59"}
{"level":"error","message":"GET en /api/random/random?num=100 - 18:49:59"}
{"level":"error","message":"GET en /api/random/random?num=100 - 18:49:59"}
{"level":"error","message":"GET en /api/random/random?num=100 - 18:50:00"}
{"level":"error","message":"GET en /api/random/random?num=100 - 18:50:00"}
{"level":"error","message":"GET en /api/random/random?num=100 - 18:50:00"}
{"level":"error","message":"GET en /api/random/random?num=100 - 18:50:00"}
{"level":"error","message":"GET en /api/random/random?num=100 - 18:50:00"}
{"level":"error","message":"GET en /api/random/random?num=100 - 18:50:00"}
{"level":"error","message":"GET en /api/random/random?num=100 - 18:50:00"}
{"level":"error","message":"GET en /api/random/random?num=100 - 18:50:00"}
{"level":"error","message":"GET en /api/random/random?num=100 - 18:50:00"}
{"level":"error","message":"GET en /api/random/random?num=100 - 18:50:00"}
{"level":"error","message":"GET en /api/random/random?num=100 - 18:50:01"}
{"level":"error","message":"GET en /api/random/random?num=100 - 18:50:01"}
{"level":"error","message":"GET en /api/random/random?num=100 - 18:50:01"}
{"level":"error","message":"GET en /api/random/random?num=100 - 18:50:01"}
{"level":"error","message":"GET en /api/random/random?num=100 - 18:50:01"}
{"level":"error","message":"GET en /api/random/random?num=100 - 18:50:01"}
{"level":"error","message":"GET en /api/random/random?num=100 - 18:50:01"}
{"level":"error","message":"GET en /api/random/random?num=100 - 18:50:01"}
{"level":"error","message":"GET en /api/random/random?num=100 - 18:50:05"}
{"level":"error","message":"GET en /api/random/random?num=100 - 18:50:05"}
{"level":"error","message":"GET en /api/random/random?num=100 - 18:50:05"}
{"level":"error","message":"GET en /api/random/random?num=100 - 18:50:05"}
{"level":"error","message":"GET en /api/random/random?num=100 - 18:50:05"}
{"level":"error","message":"GET en /api/random/random?num=100 - 18:50:05"}
{"level":"error","message":"GET en /api/random/random?num=100 - 18:50:09"}
{"level":"error","message":"GET en /api/random/random?num=100 - 18:50:09"}
{"level":"error","message":"GET en /api/random/random?num=100 - 18:50:09"}
{"level":"error","message":"GET en /api/random/random?num=100 - 18:50:09"}
{"level":"error","message":"GET en /api/random/random?num=100 - 18:50:09"}
{"level":"error","message":"GET en /api/random/random?num=100 - 18:50:09"}
{"level":"error","message":"GET en /api/random/random?num=100 - 18:50:12"}
{"level":"error","message":"GET en /api/random/random?num=100 - 18:50:12"}
{"level":"error","message":"GET en /api/random/random?num=100 - 18:50:12"}
{"level":"error","message":"GET en /api/random/random?num=100 - 18:50:12"}
{"level":"error","message":"GET en /api/random/random?num=100 - 18:50:12"}
{"level":"error","message":"GET en /api/random/random?num=100 - 18:50:12"}
