{"level":"error","message":"GET en / - 13:29:00"}
{"level":"error","message":"GET en /login - 13:29:00"}
{"level":"error","message":"GET en /favicon.ico - 13:29:01"}
{"level":"error","message":"GET en /register - 13:29:04"}
{"level":"error","message":"GET en /login - 13:29:05"}
{"level":"error","message":"POST en /api/sessions/login - 13:29:09"}
{"level":"error","message":"GET en / - 13:29:10"}
{"level":"error","message":"GET en /api/products - 13:29:12"}
{"level":"error","message":"GET en /api/carrito/CarritoEspecifico - 13:29:13"}
{"level":"error","message":"GET en /profile - 13:29:22"}
{"level":"error","message":"GET en / - 11:49:53"}
{"level":"error","message":"GET en /login - 11:49:53"}
{"level":"error","message":"GET en /favicon.ico - 11:49:54"}
{"level":"error","message":"GET en /register - 11:49:56"}
{"level":"error","message":"POST en /api/sessions/register - 11:50:22"}
{"level":"error","message":"POST en /api/carrito - 11:50:25"}
{"level":"error","message":"GET en /login - 11:50:26"}
{"level":"error","message":"GET en /register - 11:58:55"}
{"level":"error","message":"POST en /api/sessions/register - 11:59:08"}
{"level":"error","message":"GET en /register - 12:04:36"}
{"level":"error","message":"POST en /api/sessions/register - 12:05:27"}
{"level":"error","message":"GET en /register - 12:14:07"}
{"level":"error","message":"POST en /api/sessions/register - 12:14:21"}
{"level":"error","message":"POST en /api/sessions/register - 12:14:43"}
{"level":"error","message":"POST en /api/carrito - 12:14:47"}
{"level":"error","message":"GET en /login - 12:14:47"}
{"level":"error","message":"GET en /register - 12:23:25"}
{"level":"error","message":"POST en /api/sessions/register - 12:23:38"}
{"level":"error","message":"POST en /api/carrito - 12:23:40"}
{"level":"error","message":"GET en /login - 12:24:38"}
{"level":"error","message":"GET en / - 10:18:29"}
{"level":"error","message":"GET en /login - 10:18:30"}
{"level":"error","message":"GET en / - 10:18:30"}
{"level":"error","message":"GET en /login - 10:18:30"}
{"level":"error","message":"POST en /api/sessions/login - 10:18:33"}
{"level":"error","message":"POST en /api/sessions/login - 10:19:06"}
{"level":"error","message":"GET en /login - 10:50:57"}
{"level":"error","message":"GET en /favicon.ico - 10:50:58"}
{"level":"error","message":"POST en /api/sessions/login - 10:51:12"}
{"level":"error","message":"GET en /login - 10:53:49"}
{"level":"error","message":"POST en /api/sessions/login - 10:53:52"}
{"level":"error","message":"POST en /api/sessions/login - 10:54:24"}
{"level":"error","message":"GET en / - 10:54:25"}
{"level":"error","message":"GET en /api/products - 10:54:27"}
{"level":"error","message":"GET en /api/carrito/CarritoEspecifico - 10:54:28"}
{"level":"error","message":"GET en / - 11:00:31"}
{"level":"error","message":"GET en / - 11:00:43"}
{"level":"error","message":"GET en /api/products - 11:00:45"}
{"level":"error","message":"GET en /api/carrito/CarritoEspecifico - 11:00:46"}
{"level":"error","message":"GET en /logout - 11:00:49"}
{"level":"error","message":"GET en / - 11:00:49"}
{"level":"error","message":"GET en /login - 11:00:49"}
{"level":"error","message":"POST en /api/sessions/login - 11:00:58"}
{"level":"error","message":"GET en / - 11:00:59"}
{"level":"error","message":"GET en /api/products - 11:01:00"}
{"level":"error","message":"GET en /api/carrito/CarritoEspecifico - 11:01:01"}
{"level":"error","message":"GET en /logout - 11:01:07"}
{"level":"error","message":"GET en / - 11:01:08"}
{"level":"error","message":"GET en /login - 11:01:08"}
