{"level":"error","message":"GET en / - 17:57:05"}
{"level":"error","message":"GET en /login - 17:57:08"}
{"level":"error","message":"GET en /favicon.ico - 17:57:09"}
{"level":"error","message":"GET en /api/sessions/github - 17:57:48"}
{"level":"error","message":"GET en /api/sessions/githubcallback?code=5aca7af0fd0047b13bd5 - 17:57:49"}
{"level":"error","message":"GET en / - 17:57:56"}
{"level":"error","message":"GET en / - 18:01:16"}
{"level":"error","message":"GET en /login - 18:01:16"}
{"level":"error","message":"GET en /api/sessions/github - 18:01:30"}
{"level":"error","message":"GET en /api/sessions/githubcallback?code=f08969952bd7205130db - 18:01:31"}
{"level":"error","message":"GET en / - 18:01:36"}
{"level":"error","message":"GET en / - 18:04:33"}
{"level":"error","message":"GET en /login - 18:04:33"}
{"level":"error","message":"GET en /api/sessions/github - 18:04:35"}
{"level":"error","message":"GET en /api/sessions/githubcallback?code=1e00ca4631d95e63f213 - 18:04:36"}
{"level":"error","message":"GET en / - 18:04:40"}
{"level":"error","message":"GET en / - 18:05:29"}
{"level":"error","message":"GET en / - 13:37:32"}
{"level":"error","message":"GET en /login - 13:37:32"}
{"level":"error","message":"GET en /favicon.ico - 13:37:33"}
{"level":"error","message":"GET en /register - 13:37:37"}
{"level":"error","message":"GET en / - 13:51:00"}
{"level":"error","message":"GET en /login - 13:51:00"}
{"level":"error","message":"GET en /register - 13:53:00"}
{"level":"error","message":"GET en /register - 13:59:27"}
{"level":"error","message":"POST en /api/sessions/register - 13:59:44"}
{"level":"error","message":"POST en /api/sessions/register - 14:01:14"}
{"level":"error","message":"POST en /api/sessions/login - 14:02:00"}
{"level":"error","message":"GET en /api/sessions/loginFail - 14:02:02"}
{"level":"error","message":"GET en /register - 14:02:21"}
{"level":"error","message":"GET en /login - 14:02:30"}
{"level":"error","message":"POST en /api/sessions/login - 14:02:36"}
{"level":"error","message":"POST en /api/sessions/login - 14:02:37"}
{"level":"error","message":"GET en /register - 14:02:45"}
{"level":"error","message":"GET en /login - 14:02:50"}
{"level":"error","message":"GET en /register - 14:02:54"}
{"level":"error","message":"GET en /login - 14:02:58"}
{"level":"error","message":"POST en /api/sessions/login - 14:03:03"}
{"level":"error","message":"GET en /api/sessions/loginFail - 14:03:03"}
{"level":"error","message":"GET en /register - 14:04:18"}
{"level":"error","message":"GET en /register - 14:04:19"}
{"level":"error","message":"POST en /api/sessions/register - 14:04:34"}
{"level":"error","message":"GET en /login - 14:04:50"}
{"level":"error","message":"GET en /login - 14:04:50"}
{"level":"error","message":"POST en /api/sessions/login - 14:04:57"}
{"level":"error","message":"GET en /api/sessions/loginFail - 14:04:57"}
{"level":"error","message":"GET en / - 14:05:04"}
{"level":"error","message":"GET en / - 14:05:04"}
{"level":"error","message":"GET en /login - 14:05:05"}
{"level":"error","message":"GET en /login - 14:05:05"}
{"level":"error","message":"GET en /login - 14:05:53"}
{"level":"error","message":"GET en /register - 14:05:54"}
{"level":"error","message":"POST en /api/sessions/register - 14:06:06"}
{"level":"error","message":"GET en / - 14:06:14"}
{"level":"error","message":"GET en /login - 14:06:14"}
{"level":"error","message":"POST en /api/sessions/login - 14:06:18"}
{"level":"error","message":"POST en /api/sessions/login - 14:06:26"}
{"level":"error","message":"GET en /api/sessions/github - 14:07:15"}
{"level":"error","message":"GET en /api/sessions/githubcallback?code=75b23e3072365c155928 - 14:07:16"}
{"level":"error","message":"GET en /api/sessions/github - 14:08:22"}
{"level":"error","message":"GET en /api/sessions/githubcallback?code=1a6c4700650cd25bbde0 - 14:08:23"}
{"level":"error","message":"GET en / - 14:08:30"}
{"level":"error","message":"GET en /logout - 14:09:05"}
{"level":"error","message":"GET en / - 14:09:05"}
{"level":"error","message":"GET en /login - 14:09:06"}
{"level":"error","message":"GET en /register - 14:09:07"}
{"level":"error","message":"POST en /api/sessions/register - 14:09:21"}
{"level":"error","message":"GET en / - 14:09:27"}
{"level":"error","message":"GET en /login - 14:09:27"}
{"level":"error","message":"POST en /api/sessions/login - 14:09:32"}
{"level":"error","message":"GET en /api/sessions/loginFail - 14:09:33"}
{"level":"error","message":"POST en /api/sessions/login - 14:09:40"}
{"level":"error","message":"GET en /api/sessions/loginFail - 14:09:41"}
{"level":"error","message":"POST en /api/sessions/login - 14:09:43"}
{"level":"error","message":"GET en /api/sessions/loginFail - 14:09:44"}
{"level":"error","message":"GET en /register - 14:10:05"}
{"level":"error","message":"POST en /api/sessions/register - 14:10:20"}
{"level":"error","message":"GET en /login - 14:10:42"}
{"level":"error","message":"POST en /api/sessions/login - 14:10:47"}
{"level":"error","message":"POST en /api/sessions/login - 14:15:57"}
{"level":"error","message":"POST en /api/sessions/login - 14:16:01"}
{"level":"error","message":"GET en / - 14:16:06"}
{"level":"error","message":"GET en / - 14:17:24"}
{"level":"error","message":"GET en /login - 14:17:24"}
{"level":"error","message":"GET en /register - 14:17:32"}
{"level":"error","message":"POST en /api/sessions/register - 14:17:46"}
{"level":"error","message":"POST en /api/sessions/register - 14:17:58"}
{"level":"error","message":"POST en /api/sessions/register - 14:18:30"}
{"level":"error","message":"POST en /api/sessions/register - 14:18:42"}
{"level":"error","message":"POST en /api/sessions/register - 14:18:42"}
{"level":"error","message":"POST en /api/sessions/register - 14:18:42"}
{"level":"error","message":"POST en /api/sessions/register - 14:18:43"}
{"level":"error","message":"POST en /api/sessions/register - 14:18:43"}
{"level":"error","message":"GET en /login - 14:19:07"}
{"level":"error","message":"POST en /api/sessions/login - 14:19:10"}
{"level":"error","message":"GET en /api/sessions/loginFail - 14:19:11"}
{"level":"error","message":"POST en /api/sessions/login - 14:19:14"}
{"level":"error","message":"POST en /api/sessions/login - 14:20:04"}
{"level":"error","message":"POST en /api/sessions/login - 14:20:27"}
{"level":"error","message":"GET en / - 14:20:33"}
{"level":"error","message":"POST en /api/sessions/login - 14:21:24"}
{"level":"error","message":"GET en / - 14:21:32"}
{"level":"error","message":"POST en /api/sessions/login - 14:23:54"}
{"level":"error","message":"GET en /api/sessions/loginFail - 14:23:55"}
{"level":"error","message":"POST en /api/sessions/login - 14:24:07"}
{"level":"error","message":"POST en /api/sessions/login - 14:24:16"}
{"level":"error","message":"GET en /api/sessions/loginFail - 14:24:16"}
{"level":"error","message":"GET en /register - 14:25:41"}
{"level":"error","message":"POST en /api/sessions/register - 14:25:58"}
{"level":"error","message":"POST en /api/sessions/register - 14:27:41"}
{"level":"error","message":"GET en /register - 14:28:07"}
{"level":"error","message":"POST en /api/sessions/register - 14:28:23"}
{"level":"error","message":"POST en /api/sessions/register - 14:29:07"}
{"level":"error","message":"GET en /register - 14:35:10"}
{"level":"error","message":"POST en /api/sessions/register - 14:35:26"}
{"level":"error","message":"GET en /register - 14:35:53"}
{"level":"error","message":"POST en /api/sessions/register - 14:35:57"}
{"level":"error","message":"GET en /register - 14:35:59"}
{"level":"error","message":"POST en /api/sessions/register - 14:36:13"}
{"level":"error","message":"POST en /api/sessions/register - 14:37:27"}
{"level":"error","message":"POST en /api/sessions/register - 14:37:47"}
{"level":"error","message":"POST en /api/sessions/register - 14:38:59"}
{"level":"error","message":"POST en /api/sessions/register - 14:41:43"}
{"level":"error","message":"POST en /api/sessions/register - 14:42:57"}
{"level":"error","message":"POST en /api/sessions/register - 14:43:35"}
{"level":"error","message":"GET en /register - 14:43:56"}
{"level":"error","message":"POST en /api/sessions/register - 14:44:27"}
{"level":"error","message":"GET en /login - 14:44:28"}
{"level":"error","message":"POST en /api/sessions/login - 14:45:08"}
{"level":"error","message":"GET en / - 14:45:09"}
{"level":"error","message":"GET en / - 14:46:24"}
{"level":"error","message":"GET en /login - 14:46:24"}
{"level":"error","message":"GET en /register - 14:46:28"}
{"level":"error","message":"POST en /api/sessions/register - 14:46:41"}
{"level":"error","message":"GET en /login - 14:46:42"}
{"level":"error","message":"GET en / - 15:14:01"}
{"level":"error","message":"GET en /login - 15:14:02"}
{"level":"error","message":"GET en /register - 15:14:06"}
{"level":"error","message":"POST en /api/sessions/register - 15:14:22"}
{"level":"error","message":"GET en /login - 15:14:23"}
{"level":"error","message":"GET en /register - 15:15:58"}
{"level":"error","message":"POST en /api/sessions/register - 15:16:09"}
{"level":"error","message":"GET en /login - 15:16:10"}
{"level":"error","message":"GET en /register - 15:22:03"}
{"level":"error","message":"GET en /register?first_name=Raul&last_name=qweqwe&email=solaliga_84%40hotmail.com&password=asd&avatar=gatito+finoli.jpg - 15:22:25"}
{"level":"error","message":"GET en /register?first_name=Raul&last_name=qweqwe&email=asd%40hotmail.com&password=asd&avatar=gatito+finoli.jpg - 15:23:41"}
{"level":"error","message":"GET en /register?first_name=Leonardo&last_name=qweqwe&email=solaliga_84%40hotmail.com&password=asd&avatar=gatito+finoli.jpg - 15:27:35"}
{"level":"error","message":"GET en /register?first_name=Raul&last_name=qweqwe&email=asd%40hotmail.com&password=asd&avatar=gatito+finoli.jpg - 15:28:03"}
{"level":"error","message":"GET en /register?first_name=Raul&last_name=qweqwe&email=asd%40hotmail.com&password=asd&avatar=psicopato.jpg - 15:28:33"}
{"level":"error","message":"GET en /register?first_name=Raul&last_name=qweqwe&email=asd%40hotmail.com&password=asd&avatar=gatito+finoli.jpg - 15:29:28"}
{"level":"error","message":"POST en /api/sessions/register - 15:31:08"}
{"level":"error","message":"GET en /login - 15:31:09"}
{"level":"error","message":"GET en /register - 15:34:25"}
{"level":"error","message":"GET en /register?first_name=Raul&last_name=qweqwe&email=asd%40hotmail.com&password=123&avatar=gatito+finoli.jpg - 15:34:44"}
{"level":"error","message":"GET en /register?first_name=Leonardo&last_name=qweqwe&email=asd%40hotmail.com&password=123&avatar=gatito+finoli.jpg - 15:35:38"}
{"level":"error","message":"GET en /register?first_name=Raul&last_name=qweqwe&email=asd%40hotmail.com&password=123&avatar=gatito+finoli.jpg - 15:35:55"}
{"level":"error","message":"GET en /register?first_name=Raul&last_name=qweqwe&email=asd%40hotmail.com&password=123&avatar=gatito+finoli.jpg - 15:36:30"}
{"level":"error","message":"GET en /login - 15:36:40"}
{"level":"error","message":"GET en /register - 15:36:42"}
{"level":"error","message":"POST en /api/sessions/register - 15:36:54"}
{"level":"error","message":"GET en /login - 15:36:55"}
{"level":"error","message":"GET en / - 15:37:14"}
{"level":"error","message":"GET en /login - 15:37:14"}
{"level":"error","message":"GET en /register - 15:37:17"}
{"level":"error","message":"GET en /register?first_name=Raul&last_name=qweqwe&email=asd%40hotmail.com&password=asd&avatar=gatito+finoli.jpg - 15:37:28"}
{"level":"error","message":"GET en /register?first_name=Raul&last_name=qweqwe&email=asd%40hotmail.com&password=asd&avatar=gatito+finoli.jpg - 15:38:03"}
{"level":"error","message":"GET en /register?first_name=Raul&last_name=qweqwe&email=asd%40hotmail.com&password=asd&avatar=gatito+finoli.jpg - 15:41:52"}
{"level":"error","message":"GET en /api/correo/email - 15:48:00"}
{"level":"error","message":"GET en / - 15:49:43"}
{"level":"error","message":"GET en /login - 15:49:43"}
{"level":"error","message":"GET en /register - 15:49:45"}
{"level":"error","message":"GET en /register?first_name=Raul&last_name=qweqwe&email=asd%40hotmail.com&password=123&avatar=gatito+finoli.jpg - 15:49:57"}
{"level":"error","message":"GET en /login - 15:50:36"}
{"level":"error","message":"GET en /register - 15:50:37"}
{"level":"error","message":"POST en /api/sessions/register - 15:50:48"}
{"level":"error","message":"GET en /login - 15:50:49"}
{"level":"error","message":"GET en /register - 15:51:38"}
{"level":"error","message":"POST en /api/sessions/register - 15:51:53"}
{"level":"error","message":"POST en /api/sessions/register - 15:52:42"}
{"level":"error","message":"POST en /api/sessions/register - 15:55:47"}
{"level":"error","message":"GET en /register - 15:56:01"}
{"level":"error","message":"POST en /api/sessions/register - 15:56:32"}
{"level":"error","message":"POST en /api/sessions/register - 15:56:55"}
{"level":"error","message":"POST en /api/sessions/register - 15:59:09"}
{"level":"error","message":"POST en /api/sessions/register - 15:59:31"}
{"level":"error","message":"POST en /api/sessions/register - 16:00:06"}
{"level":"error","message":"POST en /api/sessions/register - 16:02:09"}
{"level":"error","message":"POST en /api/sessions/register - 16:04:09"}
{"level":"error","message":"GET en /login - 16:05:43"}
{"level":"error","message":"GET en /register - 16:05:45"}
{"level":"error","message":"GET en /login - 16:06:21"}
{"level":"error","message":"GET en /register - 16:06:23"}
{"level":"error","message":"GET en /login - 16:13:13"}
{"level":"error","message":"GET en /register - 16:13:15"}
{"level":"error","message":"GET en /login - 16:14:03"}
{"level":"error","message":"GET en /register - 16:14:04"}
{"level":"error","message":"GET en /login - 16:15:28"}
{"level":"error","message":"GET en /loginRegister/login.js - 16:15:28"}
{"level":"error","message":"GET en /register - 16:15:29"}
{"level":"error","message":"GET en /loginRegister/register.js - 16:15:29"}
{"level":"error","message":"GET en /loginRegister/register.js - 16:15:35"}
{"level":"error","message":"GET en /login - 16:17:42"}
{"level":"error","message":"GET en /register - 16:17:43"}
{"level":"error","message":"POST en /api/sessions/register - 16:17:58"}
{"level":"error","message":"GET en /login - 16:18:26"}
{"level":"error","message":"GET en /register - 16:18:28"}
{"level":"error","message":"POST en /api/sessions/register - 16:18:42"}
{"level":"error","message":"GET en /login - 16:18:46"}
