{"level":"error","message":"GET en / - 13:29:00"}
{"level":"error","message":"GET en /login - 13:29:00"}
{"level":"warning","message":"warning"}
{"level":"error","message":"GET en /favicon.ico - 13:29:01"}
{"level":"error","message":"GET en /register - 13:29:04"}
{"level":"error","message":"GET en /login - 13:29:05"}
{"level":"warning","message":"warning"}
{"level":"error","message":"POST en /api/sessions/login - 13:29:09"}
{"level":"error","message":"GET en / - 13:29:10"}
{"level":"error","message":"GET en /api/products - 13:29:12"}
{"level":"error","message":"GET en /api/carrito/CarritoEspecifico - 13:29:13"}
{"level":"error","message":"GET en /profile - 13:29:22"}
{"level":"error","message":"GET en / - 11:49:53"}
{"level":"error","message":"GET en /login - 11:49:53"}
{"level":"warning","message":"warning"}
{"level":"error","message":"GET en /favicon.ico - 11:49:54"}
{"level":"error","message":"GET en /register - 11:49:56"}
{"level":"error","message":"POST en /api/sessions/register - 11:50:22"}
{"level":"error","message":"POST en /api/carrito - 11:50:25"}
{"level":"error","message":"GET en /login - 11:50:26"}
{"level":"warning","message":"warning"}
{"level":"error","message":"GET en /register - 11:58:55"}
{"level":"error","message":"POST en /api/sessions/register - 11:59:08"}
{"level":"error","message":"GET en /register - 12:04:36"}
{"level":"error","message":"POST en /api/sessions/register - 12:05:27"}
{"level":"error","message":"GET en /register - 12:14:07"}
{"level":"error","message":"POST en /api/sessions/register - 12:14:21"}
{"level":"error","message":"POST en /api/sessions/register - 12:14:43"}
{"level":"error","message":"POST en /api/carrito - 12:14:47"}
{"level":"error","message":"GET en /login - 12:14:47"}
{"level":"warning","message":"warning"}
{"level":"error","message":"GET en /register - 12:23:25"}
{"level":"error","message":"POST en /api/sessions/register - 12:23:38"}
{"level":"error","message":"POST en /api/carrito - 12:23:40"}
{"level":"error","message":"GET en /login - 12:24:38"}
{"level":"warning","message":"warning"}
{"level":"error","message":"GET en / - 10:18:29"}
{"level":"error","message":"GET en /login - 10:18:30"}
{"level":"warning","message":"warning"}
{"level":"error","message":"GET en / - 10:18:30"}
{"level":"error","message":"GET en /login - 10:18:30"}
{"level":"warning","message":"warning"}
{"level":"error","message":"POST en /api/sessions/login - 10:18:33"}
{"level":"error","message":"POST en /api/sessions/login - 10:19:06"}
{"level":"error","message":"GET en /login - 10:50:57"}
{"level":"warning","message":"warning"}
{"level":"error","message":"GET en /favicon.ico - 10:50:58"}
{"level":"error","message":"POST en /api/sessions/login - 10:51:12"}
{"level":"error","message":"GET en /login - 10:53:49"}
{"level":"warning","message":"warning"}
{"level":"error","message":"POST en /api/sessions/login - 10:53:52"}
{"level":"error","message":"POST en /api/sessions/login - 10:54:24"}
{"level":"error","message":"GET en / - 10:54:25"}
{"level":"error","message":"GET en /api/products - 10:54:27"}
{"level":"error","message":"GET en /api/carrito/CarritoEspecifico - 10:54:28"}
{"level":"error","message":"GET en / - 11:00:31"}
{"level":"error","message":"GET en / - 11:00:43"}
{"level":"error","message":"GET en /api/products - 11:00:45"}
{"level":"error","message":"GET en /api/carrito/CarritoEspecifico - 11:00:46"}
{"level":"error","message":"GET en /logout - 11:00:49"}
{"level":"error","message":"GET en / - 11:00:49"}
{"level":"error","message":"GET en /login - 11:00:49"}
{"level":"warning","message":"warning"}
{"level":"error","message":"POST en /api/sessions/login - 11:00:58"}
{"level":"error","message":"GET en / - 11:00:59"}
{"level":"error","message":"GET en /api/products - 11:01:00"}
{"level":"error","message":"GET en /api/carrito/CarritoEspecifico - 11:01:01"}
{"level":"error","message":"GET en /logout - 11:01:07"}
{"level":"error","message":"GET en / - 11:01:08"}
{"level":"error","message":"GET en /login - 11:01:08"}
{"level":"warning","message":"warning"}
{"level":"error","message":"GET en / - 18:47:26"}
{"level":"error","message":"GET en /login - 18:47:26"}
{"level":"warning","message":"warning"}
{"level":"error","message":"GET en /favicon.ico - 18:47:27"}
{"level":"error","message":"GET en /register - 18:47:30"}
{"level":"error","message":"POST en /api/sessions/register - 18:47:46"}
{"level":"error","message":"POST en /api/carrito - 18:47:50"}
{"level":"error","message":"GET en /login - 18:47:50"}
{"level":"warning","message":"warning"}
{"level":"error","message":"POST en /api/sessions/login - 18:47:54"}
{"level":"error","message":"GET en / - 18:47:55"}
{"level":"error","message":"GET en /api/products - 18:47:57"}
{"level":"error","message":"GET en / - 18:48:55"}
{"level":"error","message":"GET en /api/products - 18:48:56"}
{"level":"error","message":"GET en /api/carrito/CarritoEspecifico - 18:48:58"}
{"level":"error","message":"GET en / - 18:49:45"}
{"level":"error","message":"GET en /api/products - 18:49:46"}
{"level":"error","message":"GET en /api/carrito/CarritoEspecifico - 18:49:47"}
{"level":"error","message":"GET en / - 18:50:31"}
{"level":"error","message":"GET en /api/products - 18:50:33"}
{"level":"error","message":"GET en /api/carrito/CarritoEspecifico - 18:50:33"}
{"level":"error","message":"GET en / - 18:51:36"}
{"level":"error","message":"GET en /api/products - 18:51:37"}
{"level":"error","message":"GET en /api/carrito/CarritoEspecifico - 18:51:38"}
{"level":"error","message":"GET en / - 18:53:47"}
{"level":"error","message":"GET en /api/products - 18:53:49"}
{"level":"error","message":"GET en /api/carrito/CarritoEspecifico - 18:53:49"}
{"level":"error","message":"GET en / - 18:55:04"}
{"level":"error","message":"GET en / - 18:56:52"}
{"level":"error","message":"GET en /login - 18:56:52"}
{"level":"warning","message":"warning"}
{"level":"error","message":"POST en /api/sessions/login - 18:56:56"}
{"level":"error","message":"GET en / - 18:56:57"}
{"level":"error","message":"GET en /api/products - 18:56:58"}
{"level":"error","message":"GET en /api/carrito/CarritoEspecifico - 18:56:59"}
{"level":"error","message":"GET en / - 18:59:54"}
{"level":"error","message":"GET en /api/products - 18:59:56"}
{"level":"error","message":"GET en /crearProduct - 18:59:57"}
{"level":"error","message":"GET en /js/products.js - 18:59:57"}
{"level":"error","message":"GET en /api/carrito/CarritoEspecifico - 18:59:58"}
{"level":"error","message":"GET en /crearProduct - 19:01:11"}
{"level":"error","message":"GET en /js/products.js - 19:01:12"}
{"level":"error","message":"GET en /crearProduct?title=Primer+producto&description=primera+prueba&price=123124&code=nbxkx&image=gatito_finoli.jpg - 19:01:34"}
{"level":"error","message":"GET en /js/products.js - 19:01:34"}
{"level":"error","message":"GET en /js/products.js - 19:01:38"}
{"level":"error","message":"GET en / - 19:01:49"}
{"level":"error","message":"GET en /api/products - 19:01:50"}
{"level":"error","message":"GET en /api/carrito/CarritoEspecifico - 19:01:51"}
{"level":"error","message":"GET en /js/products.js - 19:02:20"}
{"level":"error","message":"GET en /crearProduct?title=Primer+producto&description=primera+prueba&price=123124&code=nbxkx&image=gatito_finoli.jpg - 19:04:32"}
{"level":"error","message":"GET en /js/products.js - 19:04:33"}
{"level":"error","message":"GET en /crearProduct?title=primer+producto&description=asdasdawdqawd&price=123124&code=nbxkx&image=gatito_finoli.jpg - 19:05:06"}
{"level":"error","message":"GET en /js/products.js - 19:05:06"}
{"level":"error","message":"GET en /crearProduct?title=primer+producto&description=asdasdawdqawd&price=123124&code=nbxkx&image=gatito_finoli.jpg - 19:05:39"}
{"level":"error","message":"GET en /js/products.js - 19:05:39"}
{"level":"error","message":"GET en /crearProduct?title=primer+producto&description=123123&price=123124&code=nbxkx&image=gatito_finoli.jpg - 19:05:55"}
{"level":"error","message":"GET en /js/products.js - 19:05:56"}
{"level":"error","message":"GET en /crearProduct?title=primer+producto&description=123123&price=123124&code=nbxkx&image=gatito_finoli.jpg - 19:06:18"}
{"level":"error","message":"POST en /api/products - 19:06:34"}
{"level":"error","message":"GET en / - 19:06:45"}
{"level":"error","message":"GET en /api/products - 19:06:46"}
{"level":"error","message":"GET en /api/carrito/CarritoEspecifico - 19:06:46"}
{"level":"error","message":"GET en /crearProduct?title=primer+producto&description=123123&price=123124&code=nbxkx&image=gatito_finoli.jpg - 19:06:57"}
{"level":"error","message":"POST en /api/products - 19:07:02"}
{"level":"error","message":"POST en /api/products - 19:08:38"}
{"level":"error","message":"POST en /api/products - 19:11:58"}
{"level":"error","message":"GET en /crearProduct?title=primer+producto&description=123123&price=123124&code=nbxkx&image=gatito_finoli.jpg - 19:12:00"}
{"level":"error","message":"GET en /crearProduct?title=primer+producto&description=123123&price=123124&code=nbxkx&image=gatito_finoli.jpg - 19:12:02"}
{"level":"error","message":"POST en /api/products - 19:12:22"}
{"level":"error","message":"GET en /api/products - 19:12:27"}
{"level":"error","message":"GET en /crearProduct?title=primer+producto&description=123123&price=123124&code=nbxkx&image=gatito_finoli.jpg - 19:13:28"}
{"level":"error","message":"POST en /api/products - 19:13:42"}
{"level":"error","message":"GET en /crearProduct?title=primer+producto&description=123123&price=123124&code=nbxkx&image=gatito_finoli.jpg - 19:21:53"}
{"level":"error","message":"GET en /favicon.ico - 19:21:57"}
{"level":"error","message":"POST en /api/products - 19:22:56"}
{"level":"error","message":"GET en /api/products - 19:23:06"}
{"level":"error","message":"GET en /favicon.ico - 19:23:09"}
{"level":"error","message":"GET en /crearProduct?title=primer+producto&description=123123&price=123124&code=nbxkx&image=gatito_finoli.jpg - 19:26:19"}
{"level":"error","message":"POST en /api/products - 19:26:23"}
{"level":"error","message":"POST en /api/products - 19:26:36"}
{"level":"error","message":"GET en /crearProduct?title=primer+producto&description=123123&price=123124&code=nbxkx&image=gatito_finoli.jpg - 19:27:44"}
{"level":"error","message":"POST en /api/products - 19:28:04"}
{"level":"error","message":"POST en /api/products - 19:29:18"}
{"level":"error","message":"GET en /crearProduct?title=primer+producto&description=123123&price=123124&code=nbxkx&image=gatito_finoli.jpg - 19:29:23"}
{"level":"error","message":"GET en /crearProduct?title=primer+producto&description=123123&price=123124&code=nbxkx&image=gatito_finoli.jpg - 19:29:24"}
{"level":"error","message":"POST en /api/products - 19:29:42"}
{"level":"error","message":"GET en /crearProduct?title=primer+producto&description=123123&price=123124&code=nbxkx&image=gatito_finoli.jpg - 19:30:15"}
{"level":"error","message":"POST en /api/products - 19:30:27"}
{"level":"error","message":"GET en /crearProduct?title=primer+producto&description=123123&price=123124&code=nbxkx&image=gatito_finoli.jpg - 19:33:35"}
{"level":"error","message":"POST en /api/products - 19:33:51"}
{"level":"error","message":"GET en /crearProduct?title=primer+producto&description=123123&price=123124&code=nbxkx&image=gatito_finoli.jpg - 19:43:43"}
{"level":"error","message":"POST en /api/products - 19:43:56"}
{"level":"error","message":"GET en / - 19:44:18"}
{"level":"error","message":"GET en /api/products - 19:44:20"}
{"level":"error","message":"GET en /api/carrito/CarritoEspecifico - 19:44:21"}
{"level":"error","message":"GET en / - 19:44:55"}
{"level":"error","message":"GET en /api/products - 19:44:57"}
{"level":"error","message":"GET en /api/carrito/CarritoEspecifico - 19:44:58"}
{"level":"error","message":"POST en /api/carrito/undefined/productos - 19:45:11"}
{"level":"error","message":"GET en / - 19:46:40"}
{"level":"error","message":"GET en /api/products - 19:46:43"}
{"level":"error","message":"GET en /api/carrito/CarritoEspecifico - 19:46:43"}
{"level":"error","message":"GET en / - 19:47:55"}
{"level":"error","message":"GET en /api/products - 19:47:58"}
{"level":"error","message":"GET en /api/carrito/CarritoEspecifico - 19:47:59"}
{"level":"error","message":"GET en / - 20:33:40"}
{"level":"error","message":"GET en /api/products - 20:33:42"}
{"level":"error","message":"GET en /api/carrito/CarritoEspecifico - 20:33:43"}
{"level":"error","message":"POST en /api/carrito/finalizar - 20:33:50"}
{"level":"error","message":"GET en / - 20:37:01"}
{"level":"error","message":"GET en /api/products - 20:37:04"}
{"level":"error","message":"GET en /api/carrito/CarritoEspecifico - 20:37:05"}
{"level":"error","message":"POST en /api/carrito/nbxkx/productos - 20:37:06"}
{"level":"error","message":"GET en / - 20:39:46"}
{"level":"error","message":"GET en /api/products - 20:39:48"}
{"level":"error","message":"GET en /api/carrito/CarritoEspecifico - 20:39:49"}
{"level":"error","message":"POST en /api/carrito/nbxkx/productos - 20:40:13"}
{"level":"error","message":"DELETE en /api/carrito/solaliga_84@hotmail.com/productos/nbxkx - 20:41:09"}
{"level":"error","message":"GET en /createproduct - 20:44:30"}
{"level":"error","message":"GET en /crearProduct - 20:44:42"}
{"level":"error","message":"POST en /api/products - 20:45:04"}
{"level":"error","message":"POST en /api/products - 20:45:22"}
{"level":"error","message":"POST en /api/products - 20:45:38"}
{"level":"error","message":"GET en / - 20:54:51"}
{"level":"error","message":"GET en / - 20:54:53"}
{"level":"error","message":"GET en /api/products - 20:54:54"}
{"level":"error","message":"GET en /api/carrito/CarritoEspecifico - 20:54:54"}
{"level":"error","message":"GET en / - 20:55:44"}
{"level":"error","message":"GET en /api/products - 20:55:46"}
{"level":"error","message":"GET en /api/carrito/CarritoEspecifico - 20:55:46"}
{"level":"error","message":"GET en / - 20:56:14"}
{"level":"error","message":"GET en /api/products - 20:56:16"}
{"level":"error","message":"GET en /api/carrito/CarritoEspecifico - 20:56:17"}
{"level":"error","message":"GET en /?page=1 - 20:56:29"}
{"level":"error","message":"GET en /api/products - 20:56:31"}
{"level":"error","message":"GET en /api/carrito/CarritoEspecifico - 20:56:32"}
{"level":"error","message":"GET en /?page=1 - 20:57:36"}
{"level":"error","message":"GET en /api/products - 20:57:37"}
{"level":"error","message":"GET en /api/carrito/CarritoEspecifico - 20:57:38"}
{"level":"error","message":"GET en /?page=2 - 20:57:43"}
{"level":"error","message":"GET en /api/products - 20:57:46"}
{"level":"error","message":"GET en /api/carrito/CarritoEspecifico - 20:57:46"}
{"level":"error","message":"GET en / - 20:59:42"}
{"level":"error","message":"GET en /api/products - 20:59:43"}
{"level":"error","message":"GET en /api/carrito/CarritoEspecifico - 20:59:44"}
{"level":"error","message":"GET en / - 21:05:39"}
{"level":"error","message":"GET en /api/products - 21:05:41"}
{"level":"error","message":"GET en /api/carrito/CarritoEspecifico - 21:05:42"}
{"level":"error","message":"GET en /?page=2 - 21:06:09"}
{"level":"error","message":"GET en /api/products - 21:06:11"}
{"level":"error","message":"GET en /api/carrito/CarritoEspecifico - 21:06:12"}
{"level":"error","message":"GET en /?page=2 - 21:07:41"}
{"level":"error","message":"GET en /api/products - 21:07:43"}
{"level":"error","message":"GET en /api/carrito/CarritoEspecifico - 21:07:44"}
{"level":"error","message":"GET en /?page=1 - 21:07:45"}
{"level":"error","message":"GET en /api/products - 21:07:46"}
{"level":"error","message":"GET en /api/carrito/CarritoEspecifico - 21:07:47"}
{"level":"error","message":"GET en /?page=2 - 21:07:48"}
{"level":"error","message":"GET en /api/products - 21:07:49"}
{"level":"error","message":"GET en /api/carrito/CarritoEspecifico - 21:07:50"}
{"level":"error","message":"GET en / - 21:53:14"}
{"level":"error","message":"GET en / - 21:53:16"}
{"level":"error","message":"GET en /api/products - 21:53:17"}
{"level":"error","message":"GET en /api/carrito/CarritoEspecifico - 21:53:17"}
{"level":"error","message":"GET en /login - 21:53:43"}
{"level":"warning","message":"warning"}
{"level":"error","message":"GET en /login - 21:53:44"}
{"level":"warning","message":"warning"}
{"level":"error","message":"GET en /register - 21:53:46"}
{"level":"error","message":"GET en /register - 21:54:45"}
{"level":"error","message":"POST en /api/sessions/register - 21:55:01"}
{"level":"error","message":"GET en /register - 21:59:04"}
{"level":"error","message":"POST en /api/sessions/register - 21:59:44"}
{"level":"error","message":"GET en /login - 21:59:47"}
{"level":"warning","message":"warning"}
{"level":"error","message":"POST en /api/sessions/login - 22:04:21"}
{"level":"error","message":"GET en / - 22:04:22"}
{"level":"error","message":"GET en /api/products - 22:04:24"}
{"level":"error","message":"GET en /api/carrito/CarritoEspecifico - 22:04:25"}
{"level":"error","message":"GET en /logout - 22:13:30"}
{"level":"error","message":"GET en / - 22:13:32"}
{"level":"error","message":"GET en /login - 22:13:32"}
{"level":"warning","message":"warning"}
{"level":"error","message":"POST en /api/sessions/login - 22:13:37"}
{"level":"error","message":"GET en / - 22:13:38"}
{"level":"error","message":"GET en / - 23:39:40"}
{"level":"error","message":"GET en /crearProduct - 23:39:56"}
{"level":"error","message":"POST en /api/products - 23:40:12"}
{"level":"error","message":"GET en /crearProduct - 23:42:41"}
{"level":"error","message":"GET en /crearProduct - 23:42:50"}
{"level":"error","message":"POST en /api/products - 23:43:12"}
{"level":"error","message":"POST en /api/products - 23:43:59"}
{"level":"error","message":"POST en /api/products - 23:44:34"}
{"level":"error","message":"GET en / - 23:44:39"}
{"level":"error","message":"GET en /?page=2 - 23:44:58"}
{"level":"error","message":"GET en /?page=1 - 23:45:01"}
{"level":"error","message":"GET en /?page=1 - 23:46:04"}
{"level":"error","message":"GET en /?page=1 - 23:47:17"}
{"level":"error","message":"GET en /api/products - 23:47:19"}
{"level":"error","message":"GET en /?page=1 - 23:47:40"}
{"level":"error","message":"GET en /?page=1 - 23:47:41"}
{"level":"error","message":"GET en /api/products - 23:47:44"}
{"level":"error","message":"GET en /?page=2 - 23:48:05"}
{"level":"error","message":"GET en /api/products - 23:48:06"}
{"level":"error","message":"GET en /?page=2 - 23:48:30"}
{"level":"error","message":"GET en /api/products - 23:48:32"}
{"level":"error","message":"GET en /?page=2 - 23:50:05"}
{"level":"error","message":"GET en /api/products/?Page= - 23:50:08"}
{"level":"error","message":"GET en /?page=1 - 23:50:20"}
{"level":"error","message":"GET en /api/products/?Page=2 - 23:50:22"}
{"level":"error","message":"GET en /?page=1 - 23:52:44"}
{"level":"error","message":"GET en /api/products/?Page=2 - 23:52:47"}
{"level":"error","message":"GET en /?page=1 - 23:53:12"}
{"level":"error","message":"GET en /api/products - 23:53:15"}
{"level":"error","message":"GET en /?page=1 - 23:55:50"}
{"level":"error","message":"GET en /api/products - 23:55:53"}
{"level":"error","message":"GET en /?page=1 - 23:56:16"}
{"level":"error","message":"GET en /api/products - 23:56:18"}
{"level":"error","message":"GET en /?page=1 - 0:04:31"}
{"level":"error","message":"GET en / - 0:04:33"}
{"level":"error","message":"GET en /?page=1 - 0:05:35"}
{"level":"error","message":"GET en / - 0:05:37"}
{"level":"error","message":"GET en /?page=1 - 0:05:52"}
{"level":"error","message":"GET en / - 0:05:55"}
{"level":"error","message":"GET en /?page=1 - 0:06:04"}
{"level":"error","message":"GET en / - 0:06:07"}
{"level":"error","message":"GET en /?page=1 - 0:06:27"}
{"level":"error","message":"GET en / - 0:06:30"}
{"level":"error","message":"GET en /?page=1 - 0:06:48"}
{"level":"error","message":"GET en / - 0:06:50"}
{"level":"error","message":"GET en /?page=1 - 0:07:06"}
{"level":"error","message":"GET en / - 0:07:08"}
{"level":"error","message":"GET en /?page=1 - 0:07:19"}
{"level":"error","message":"GET en / - 0:07:21"}
{"level":"error","message":"GET en /?page=1 - 0:08:47"}
{"level":"error","message":"GET en / - 0:08:49"}
{"level":"error","message":"GET en /?page=1 - 0:09:13"}
{"level":"error","message":"GET en /api/products/:params - 0:09:15"}
{"level":"error","message":"GET en /?page=1 - 0:12:27"}
{"level":"error","message":"GET en /?page=1 - 0:12:40"}
{"level":"error","message":"GET en /?page=1 - 0:12:58"}
{"level":"error","message":"GET en /?page=1 - 0:13:12"}
{"level":"error","message":"GET en /?page=1 - 0:13:25"}
{"level":"error","message":"GET en /?page=1 - 0:13:41"}
{"level":"error","message":"GET en /?page=1 - 0:16:04"}
{"level":"error","message":"GET en /?page=1 - 0:16:43"}
{"level":"error","message":"GET en /?page=1 - 0:18:42"}
{"level":"error","message":"GET en /?page=1 - 0:19:01"}
{"level":"error","message":"GET en /?page=1 - 0:19:11"}
{"level":"error","message":"GET en /?page=1 - 0:19:16"}
{"level":"error","message":"GET en /?page=2 - 0:19:28"}
{"level":"error","message":"GET en /?page=1 - 0:19:47"}
{"level":"error","message":"GET en /?page=1 - 0:21:17"}
{"level":"error","message":"GET en /?page=1 - 0:24:55"}
{"level":"error","message":"GET en /?page=1 - 0:29:40"}
{"level":"error","message":"GET en /?page=1 - 0:30:39"}
{"level":"error","message":"GET en /?page=1 - 0:31:13"}
{"level":"error","message":"GET en /?page=1 - 0:31:28"}
{"level":"error","message":"GET en /?page=1 - 0:33:51"}
{"level":"error","message":"GET en /api/products/1 - 0:33:53"}
{"level":"error","message":"GET en /?page=1 - 0:35:10"}
{"level":"error","message":"GET en /api/products/1 - 0:35:13"}
{"level":"error","message":"GET en /?page=2 - 0:35:18"}
{"level":"error","message":"GET en /api/products/2 - 0:35:19"}
{"level":"error","message":"GET en /?page=2 - 0:35:50"}
{"level":"error","message":"GET en /api/products/2 - 0:35:52"}
{"level":"error","message":"GET en /?page=2 - 0:36:54"}
{"level":"error","message":"GET en /api/products/?page=2 - 0:36:57"}
{"level":"error","message":"GET en /?page=1 - 0:37:01"}
{"level":"error","message":"GET en /api/products/?page=1 - 0:37:04"}
{"level":"error","message":"GET en /?page=1 - 0:39:58"}
{"level":"error","message":"GET en /?page=1 - 0:40:28"}
{"level":"error","message":"GET en /?page=1 - 0:42:25"}
{"level":"error","message":"GET en /?page=1 - 0:42:42"}
{"level":"error","message":"GET en /api/products/?page=1 - 0:42:45"}
{"level":"error","message":"GET en /?page=1 - 0:42:51"}
{"level":"error","message":"GET en /api/products/?page=1 - 0:42:53"}
{"level":"error","message":"GET en /?page=1 - 0:43:11"}
{"level":"error","message":"GET en /api/products/?page=1 - 0:43:14"}
{"level":"error","message":"GET en /?page=1 - 0:44:12"}
{"level":"error","message":"GET en /api/products/?page=1 - 0:44:14"}
{"level":"error","message":"GET en /?page=2 - 0:44:20"}
{"level":"error","message":"GET en /api/products/?page=2 - 0:44:22"}
{"level":"error","message":"GET en /?page=1 - 0:44:37"}
{"level":"error","message":"GET en /api/products/?page=1 - 0:44:38"}
{"level":"error","message":"GET en /?page=1 - 0:45:01"}
{"level":"error","message":"GET en /api/products/?page=1 - 0:45:04"}
{"level":"error","message":"GET en /?page=1 - 0:51:54"}
{"level":"error","message":"GET en /api/products/?page=1 - 0:51:57"}
{"level":"error","message":"POST en /api/carrito/123213dwd/productos - 0:52:01"}
{"level":"error","message":"GET en /?page=1 - 0:53:50"}
{"level":"error","message":"GET en /api/products/?page=1 - 0:53:53"}
{"level":"error","message":"POST en /api/carrito/123213dwd/productos - 0:53:57"}
{"level":"error","message":"GET en /?page=1 - 0:55:50"}
{"level":"error","message":"GET en /api/products/?page=1 - 0:55:52"}
{"level":"error","message":"GET en /?page=1 - 0:57:12"}
{"level":"error","message":"GET en /api/products/?page=1 - 0:57:16"}
{"level":"error","message":"POST en /api/carrito/123213dwd/productos - 0:57:20"}
{"level":"error","message":"GET en /?page=1 - 1:00:57"}
{"level":"error","message":"GET en /api/products/?page=1 - 1:01:01"}
{"level":"error","message":"POST en /api/carrito/123213dwd/productos - 1:01:05"}
{"level":"error","message":"GET en /?page=1 - 1:01:31"}
{"level":"error","message":"GET en /api/products/?page=1 - 1:01:35"}
{"level":"error","message":"POST en /api/carrito/123213dwd/productos - 1:01:38"}
{"level":"error","message":"GET en /?page=1 - 1:03:05"}
{"level":"error","message":"GET en /api/products/?page=1 - 1:03:08"}
{"level":"error","message":"POST en /api/carrito/123213dwd/productos - 1:03:11"}
{"level":"error","message":"GET en /?page=1 - 1:05:36"}
{"level":"error","message":"GET en /api/products/?page=1 - 1:05:39"}
{"level":"error","message":"POST en /api/carrito/123213dwd/productos - 1:05:43"}
{"level":"error","message":"GET en /?page=1 - 1:08:19"}
{"level":"error","message":"GET en /api/products/?page=1 - 1:08:21"}
{"level":"error","message":"POST en /api/carrito/123213dwd/productos - 1:08:26"}
{"level":"error","message":"GET en /?page=1 - 1:22:55"}
{"level":"error","message":"GET en /api/products/?page=1 - 1:22:58"}
{"level":"error","message":"POST en /api/carrito/123213dwd/productos - 1:23:01"}
{"level":"error","message":"GET en /?page=1 - 1:23:31"}
{"level":"error","message":"GET en /api/products/?page=1 - 1:23:34"}
{"level":"error","message":"POST en /api/carrito/123213dwd/productos - 1:23:36"}
{"level":"error","message":"GET en /?page=1 - 1:24:28"}
{"level":"error","message":"GET en /api/products/?page=1 - 1:24:31"}
{"level":"error","message":"POST en /api/carrito/123213dwd/productos - 1:24:33"}
{"level":"error","message":"GET en /?page=1 - 1:24:44"}
{"level":"error","message":"GET en /api/products/?page=1 - 1:24:46"}
{"level":"error","message":"GET en /?page=1 - 1:25:00"}
{"level":"error","message":"GET en /api/products/?page=1 - 1:25:03"}
{"level":"error","message":"POST en /api/carrito/123213dwd/productos - 1:25:05"}
{"level":"error","message":"GET en /carts - 1:25:06"}
{"level":"error","message":"GET en /carts - 1:26:08"}
{"level":"error","message":"GET en /?page=1 - 1:26:15"}
{"level":"error","message":"GET en /api/products/?page=1 - 1:26:17"}
{"level":"error","message":"POST en /api/carrito/123213dwd/productos - 1:26:21"}
{"level":"error","message":"GET en /carts - 1:26:22"}
{"level":"error","message":"GET en /carts - 1:28:02"}
{"level":"error","message":"GET en /?page=1 - 1:28:06"}
{"level":"error","message":"GET en /api/products/?page=1 - 1:28:08"}
{"level":"error","message":"POST en /api/carrito/123213dwd/productos - 1:28:12"}
{"level":"error","message":"GET en /carts - 1:28:13"}
{"level":"error","message":"GET en /carts - 1:29:43"}
{"level":"error","message":"GET en / - 1:29:47"}
{"level":"error","message":"GET en /api/products/?page=1 - 1:29:48"}
{"level":"error","message":"POST en /api/carrito/123213dwd/productos - 1:29:53"}
{"level":"error","message":"GET en /carts - 1:29:53"}
{"level":"error","message":"POST en /api/carrito/123213dwd/productos - 1:30:40"}
{"level":"error","message":"GET en /carts - 1:30:42"}
{"level":"error","message":"GET en /carts - 1:31:29"}
{"level":"error","message":"GET en /carts - 1:32:13"}
{"level":"error","message":"GET en /carts - 1:32:45"}
{"level":"error","message":"GET en /carts - 1:33:39"}
{"level":"error","message":"GET en /carts - 1:38:58"}
{"level":"error","message":"GET en /carts - 1:40:03"}
{"level":"error","message":"GET en /carts - 1:40:43"}
{"level":"error","message":"GET en /carts - 1:40:45"}
{"level":"error","message":"GET en / - 1:41:44"}
{"level":"error","message":"GET en /api/products/?page=1 - 1:41:47"}
{"level":"error","message":"POST en /api/carrito/123213dwd/productos - 1:41:50"}
{"level":"error","message":"GET en /carts - 1:41:51"}
{"level":"error","message":"GET en /carts - 1:46:00"}
{"level":"error","message":"GET en /carts - 1:46:25"}
{"level":"error","message":"GET en /carts - 1:46:42"}
{"level":"error","message":"GET en /carts - 1:47:07"}
{"level":"error","message":"GET en / - 1:47:10"}
{"level":"error","message":"GET en /api/products/?page=1 - 1:47:12"}
{"level":"error","message":"POST en /api/carrito/123213dwd/productos - 1:47:15"}
{"level":"error","message":"GET en /carts - 1:47:16"}
{"level":"error","message":"GET en / - 1:48:59"}
{"level":"error","message":"GET en /api/products/?page=1 - 1:49:01"}
{"level":"error","message":"POST en /api/carrito/123213dwd/productos - 1:49:05"}
{"level":"error","message":"GET en /carts - 1:49:06"}
{"level":"error","message":"GET en /carts - 1:49:52"}
{"level":"error","message":"GET en / - 1:50:29"}
{"level":"error","message":"GET en /api/products/?page=1 - 1:50:31"}
{"level":"error","message":"POST en /api/carrito/123213dwd/productos - 1:50:35"}
{"level":"error","message":"GET en /carts - 1:50:36"}
{"level":"error","message":"GET en /carts - 1:51:30"}
{"level":"error","message":"GET en /carts - 1:51:59"}
{"level":"error","message":"GET en /carts - 1:53:15"}
{"level":"error","message":"GET en / - 1:53:58"}
{"level":"error","message":"GET en /api/products/?page=1 - 1:54:00"}
{"level":"error","message":"POST en /api/carrito/nbxkx/productos - 1:54:04"}
{"level":"error","message":"GET en /carts - 1:54:05"}
{"level":"error","message":"GET en /carts - 1:55:44"}
{"level":"error","message":"GET en /carts - 1:56:04"}
{"level":"error","message":"GET en /carts - 1:58:27"}
{"level":"error","message":"GET en / - 2:03:21"}
{"level":"error","message":"GET en / - 2:03:23"}
{"level":"error","message":"GET en /api/products/?page=1 - 2:03:25"}
{"level":"error","message":"POST en /api/carrito/123213dwd/productos - 2:03:28"}
{"level":"error","message":"GET en /carts - 2:03:29"}
{"level":"error","message":"GET en /carts - 2:04:06"}
{"level":"error","message":"GET en / - 2:05:54"}
{"level":"error","message":"GET en /api/products/?page=1 - 2:05:57"}
{"level":"error","message":"POST en /api/carrito/123213dwd/productos - 2:05:59"}
{"level":"error","message":"GET en /carts - 2:06:00"}
{"level":"error","message":"GET en / - 2:06:08"}
{"level":"error","message":"GET en /api/products/?page=1 - 2:06:10"}
{"level":"error","message":"POST en /api/carrito/nbxkx/productos - 2:06:13"}
{"level":"error","message":"GET en / - 2:07:55"}
{"level":"error","message":"GET en /api/products/?page=1 - 2:07:58"}
{"level":"error","message":"POST en /api/carrito/123213dwd/productos - 2:08:02"}
{"level":"error","message":"GET en /carts - 2:08:03"}
{"level":"error","message":"GET en / - 2:08:56"}
{"level":"error","message":"GET en /api/products/?page=1 - 2:08:59"}
{"level":"error","message":"POST en /api/carrito/123213dwd/productos - 2:09:02"}
{"level":"error","message":"GET en /carts - 2:09:03"}
{"level":"error","message":"GET en /carts - 2:09:18"}
{"level":"error","message":"GET en / - 2:09:45"}
{"level":"error","message":"GET en /api/products/?page=1 - 2:09:48"}
{"level":"error","message":"POST en /api/carrito/123213dwd/productos - 2:09:50"}
{"level":"error","message":"GET en /carts - 2:09:51"}
{"level":"error","message":"GET en /carts - 2:11:07"}
{"level":"error","message":"GET en / - 2:11:10"}
{"level":"error","message":"GET en /api/products/?page=1 - 2:11:13"}
{"level":"error","message":"POST en /api/carrito/123213dwd/productos - 2:11:15"}
{"level":"error","message":"GET en / - 2:13:58"}
{"level":"error","message":"GET en /api/products/?page=1 - 2:14:01"}
{"level":"error","message":"POST en /api/carrito/123213dwd/productos - 2:14:03"}
{"level":"error","message":"GET en /carts - 2:14:04"}
{"level":"error","message":"GET en / - 2:15:43"}
{"level":"error","message":"GET en /api/products/?page=1 - 2:15:46"}
{"level":"error","message":"POST en /api/carrito/123213dwd/productos - 2:15:49"}
{"level":"error","message":"GET en /carts - 2:15:50"}
{"level":"error","message":"GET en /carts - 2:16:15"}
{"level":"error","message":"GET en / - 2:16:20"}
{"level":"error","message":"GET en /api/products/?page=1 - 2:16:22"}
{"level":"error","message":"POST en /api/carrito/123213dwd/productos - 2:16:24"}
{"level":"error","message":"GET en /carts - 2:16:25"}
{"level":"error","message":"GET en / - 2:17:06"}
{"level":"error","message":"GET en /api/products/?page=1 - 2:17:08"}
{"level":"error","message":"POST en /api/carrito/nbxkx/productos - 2:17:11"}
{"level":"error","message":"GET en /carts - 2:17:11"}
{"level":"error","message":"GET en / - 2:18:24"}
{"level":"error","message":"GET en /api/products/?page=1 - 2:18:26"}
{"level":"error","message":"POST en /api/carrito/123213dwd/productos - 2:18:30"}
{"level":"error","message":"GET en /carts - 2:18:31"}
{"level":"error","message":"GET en / - 2:19:00"}
{"level":"error","message":"GET en /api/products/?page=1 - 2:19:03"}
{"level":"error","message":"POST en /api/carrito/123213dwd/productos - 2:19:07"}
{"level":"error","message":"GET en /carts - 2:19:08"}
{"level":"error","message":"GET en / - 2:19:16"}
{"level":"error","message":"GET en /api/products/?page=1 - 2:19:18"}
{"level":"error","message":"POST en /api/carrito/123213dwd/productos - 2:19:21"}
{"level":"error","message":"GET en / - 2:19:44"}
{"level":"error","message":"GET en /api/products/?page=1 - 2:19:47"}
{"level":"error","message":"GET en / - 2:20:37"}
{"level":"error","message":"GET en /api/products/?page=1 - 2:20:40"}
{"level":"error","message":"GET en / - 2:20:54"}
{"level":"error","message":"GET en /api/products/?page=1 - 2:20:56"}
{"level":"error","message":"POST en /api/carrito/123213dwd/productos - 2:20:59"}
{"level":"error","message":"GET en / - 2:21:56"}
{"level":"error","message":"GET en /api/products/?page=1 - 2:21:59"}
{"level":"error","message":"POST en /api/carrito/123213dwd/productos - 2:22:03"}
{"level":"error","message":"GET en /carts - 2:24:04"}
{"level":"error","message":"GET en / - 2:24:10"}
{"level":"error","message":"GET en /api/products/?page=1 - 2:24:12"}
{"level":"error","message":"POST en /api/carrito/123213dwd/productos - 2:26:01"}
{"level":"error","message":"GET en / - 2:26:46"}
{"level":"error","message":"GET en /api/products/?page=1 - 2:26:49"}
{"level":"error","message":"POST en /api/carrito/123213dwd/productos - 2:26:51"}
{"level":"error","message":"GET en / - 2:28:13"}
{"level":"error","message":"GET en /api/products/?page=1 - 2:28:16"}
{"level":"error","message":"POST en /api/carrito/123213dwd/productos - 2:28:18"}
{"level":"error","message":"GET en / - 2:29:05"}
{"level":"error","message":"GET en /api/products/?page=1 - 2:29:08"}
{"level":"error","message":"POST en /api/carrito/123213dwd/productos - 2:29:10"}
{"level":"error","message":"GET en / - 2:29:38"}
{"level":"error","message":"GET en /api/products/?page=1 - 2:29:41"}
{"level":"error","message":"POST en /api/carrito/123213dwd/productos - 2:29:43"}
{"level":"error","message":"GET en / - 2:34:54"}
{"level":"error","message":"GET en /api/products/?page=1 - 2:34:57"}
{"level":"error","message":"POST en /api/carrito/123213dwd/productos - 2:35:00"}
{"level":"error","message":"GET en / - 2:35:19"}
{"level":"error","message":"GET en /api/products/?page=1 - 2:35:22"}
{"level":"error","message":"POST en /api/carrito/123213dwd/productos - 2:35:24"}
{"level":"error","message":"GET en /register - 2:36:16"}
{"level":"error","message":"POST en /api/sessions/register - 2:36:29"}
{"level":"error","message":"GET en /login - 2:36:33"}
{"level":"warning","message":"warning"}
{"level":"error","message":"POST en /api/sessions/login - 2:36:37"}
{"level":"error","message":"GET en / - 2:36:38"}
{"level":"error","message":"GET en /api/products/?page=1 - 2:36:40"}
{"level":"error","message":"POST en /api/carrito/123213dwd/productos - 2:36:43"}
{"level":"error","message":"GET en / - 2:37:59"}
{"level":"error","message":"GET en /api/products/?page=1 - 2:38:02"}
{"level":"error","message":"POST en /api/carrito/123213dwd/productos - 2:38:04"}
{"level":"error","message":"GET en / - 2:38:31"}
{"level":"error","message":"GET en /api/products/?page=1 - 2:38:34"}
{"level":"error","message":"POST en /api/carrito/123213dwd/productos - 2:38:35"}
{"level":"error","message":"GET en /carts - 2:39:16"}
{"level":"error","message":"GET en /carts - 2:40:02"}
{"level":"error","message":"GET en /carts - 2:41:39"}
{"level":"error","message":"GET en /carts - 2:43:17"}
{"level":"error","message":"GET en /carts - 2:43:30"}
{"level":"error","message":"GET en /carts - 2:43:38"}
{"level":"error","message":"GET en /carts - 2:44:02"}
{"level":"error","message":"GET en /carts - 2:44:51"}
{"level":"error","message":"GET en /carts - 2:46:48"}
{"level":"error","message":"GET en / - 2:48:15"}
{"level":"error","message":"GET en /api/products/?page=1 - 2:48:19"}
{"level":"error","message":"POST en /api/carrito/nbxkx/productos - 2:48:21"}
{"level":"error","message":"GET en /carts - 2:48:30"}
{"level":"error","message":"GET en /carts - 2:49:20"}
{"level":"error","message":"GET en /carts - 2:52:49"}
{"level":"error","message":"GET en /carts - 2:53:30"}
{"level":"error","message":"GET en /carts - 2:55:57"}
{"level":"error","message":"GET en /carts - 2:57:56"}
{"level":"error","message":"GET en /carts - 2:58:21"}
{"level":"error","message":"GET en / - 2:59:06"}
{"level":"error","message":"GET en /api/products/?page=1 - 2:59:09"}
{"level":"error","message":"GET en /carts - 3:00:29"}
{"level":"error","message":"GET en /carts - 3:00:30"}
{"level":"error","message":"GET en /carts - 3:02:33"}
{"level":"error","message":"GET en /carts - 3:04:10"}
{"level":"error","message":"GET en /carts - 3:04:19"}
{"level":"error","message":"GET en /carts - 3:04:26"}
{"level":"error","message":"GET en /carts - 3:04:37"}
{"level":"error","message":"GET en /carts - 3:04:49"}
{"level":"error","message":"GET en /carts - 3:05:34"}
{"level":"error","message":"GET en /carts - 3:05:36"}
{"level":"error","message":"GET en /carts - 3:06:35"}
{"level":"error","message":"GET en /carts - 3:06:48"}
{"level":"error","message":"GET en /carts - 3:06:59"}
{"level":"error","message":"GET en /carts - 3:07:03"}
{"level":"error","message":"GET en /carts - 3:08:10"}
{"level":"error","message":"GET en /carts - 3:09:24"}
